08:33:03.068 [restartedMain] INFO  c.z.AsuleController - [logStarting,55] - Starting AsuleController on JLQNXWUW2GTD0WI with PID 12764 (E:\ideaProject\asule0810\ausle-admin\target\classes started by Administrator in E:\ideaProject\asule0810)
08:33:03.095 [restartedMain] INFO  c.z.AsuleController - [logStartupProfileInfo,655] - The following profiles are active: dev
08:33:08.068 [restartedMain] INFO  o.a.c.h.Http11NioProtocol - [log,173] - Initializing ProtocolHandler ["http-nio-8080"]
08:33:08.101 [restartedMain] INFO  o.a.c.c.StandardService - [log,173] - Starting service [Tomcat]
08:33:08.102 [restartedMain] INFO  o.a.c.c.StandardEngine - [log,173] - Starting Servlet engine: [Apache Tomcat/9.0.36]
08:33:08.244 [restartedMain] INFO  o.a.c.c.C.[.[.[/] - [log,173] - Initializing Spring embedded WebApplicationContext
08:33:10.626 [restartedMain] INFO  c.a.d.s.b.a.DruidDataSourceAutoConfigure - [dataSource,56] - Init DruidDataSource
08:33:12.805 [restartedMain] INFO  c.a.d.p.DruidDataSource - [init,1003] - {dataSource-1} inited
08:33:19.212 [restartedMain] INFO  o.a.c.h.Http11NioProtocol - [log,173] - Starting ProtocolHandler ["http-nio-8080"]
08:33:19.353 [restartedMain] INFO  c.z.AsuleController - [logStarted,61] - Started AsuleController in 19.406 seconds (JVM running for 27.096)
08:34:19.187 [http-nio-8080-exec-1] INFO  o.a.c.c.C.[.[.[/] - [log,173] - Initializing Spring DispatcherServlet 'dispatcherServlet'
09:15:44.421 [restartedMain] INFO  c.z.AsuleController - [logStarting,55] - Starting AsuleController on JLQNXWUW2GTD0WI with PID 10548 (E:\ideaProject\asule0810\ausle-admin\target\classes started by Administrator in E:\ideaProject\asule0810)
09:15:44.447 [restartedMain] INFO  c.z.AsuleController - [logStartupProfileInfo,655] - The following profiles are active: dev
09:15:48.769 [restartedMain] INFO  o.a.c.h.Http11NioProtocol - [log,173] - Initializing ProtocolHandler ["http-nio-8080"]
09:15:48.776 [restartedMain] INFO  o.a.c.c.StandardService - [log,173] - Starting service [Tomcat]
09:15:48.777 [restartedMain] INFO  o.a.c.c.StandardEngine - [log,173] - Starting Servlet engine: [Apache Tomcat/9.0.36]
09:15:49.014 [restartedMain] INFO  o.a.c.c.C.[.[.[/] - [log,173] - Initializing Spring embedded WebApplicationContext
09:15:49.822 [restartedMain] INFO  c.a.d.s.b.a.DruidDataSourceAutoConfigure - [dataSource,56] - Init DruidDataSource
09:15:50.340 [restartedMain] INFO  c.a.d.p.DruidDataSource - [init,1003] - {dataSource-1} inited
09:15:52.396 [restartedMain] INFO  o.a.c.h.Http11NioProtocol - [log,173] - Starting ProtocolHandler ["http-nio-8080"]
09:15:52.509 [restartedMain] INFO  c.z.AsuleController - [logStarted,61] - Started AsuleController in 9.196 seconds (JVM running for 11.891)
09:16:19.420 [http-nio-8080-exec-1] INFO  o.a.c.c.C.[.[.[/] - [log,173] - Initializing Spring DispatcherServlet 'dispatcherServlet'
09:30:27.417 [restartedMain] INFO  c.z.AsuleController - [logStarting,55] - Starting AsuleController on JLQNXWUW2GTD0WI with PID 8284 (E:\ideaProject\asule0810\ausle-admin\target\classes started by Administrator in E:\ideaProject\asule0810)
09:30:27.428 [restartedMain] INFO  c.z.AsuleController - [logStartupProfileInfo,655] - The following profiles are active: dev
09:30:29.793 [restartedMain] INFO  o.a.c.h.Http11NioProtocol - [log,173] - Initializing ProtocolHandler ["http-nio-8080"]
09:30:29.793 [restartedMain] INFO  o.a.c.c.StandardService - [log,173] - Starting service [Tomcat]
09:30:29.794 [restartedMain] INFO  o.a.c.c.StandardEngine - [log,173] - Starting Servlet engine: [Apache Tomcat/9.0.36]
09:30:29.975 [restartedMain] INFO  o.a.c.c.C.[.[.[/] - [log,173] - Initializing Spring embedded WebApplicationContext
09:30:30.781 [restartedMain] INFO  c.a.d.s.b.a.DruidDataSourceAutoConfigure - [dataSource,56] - Init DruidDataSource
09:30:31.196 [restartedMain] INFO  c.a.d.p.DruidDataSource - [init,1003] - {dataSource-1} inited
09:30:32.815 [restartedMain] INFO  o.a.c.h.Http11NioProtocol - [log,173] - Starting ProtocolHandler ["http-nio-8080"]
09:30:32.862 [restartedMain] INFO  c.z.AsuleController - [logStarted,61] - Started AsuleController in 6.262 seconds (JVM running for 8.404)
09:30:39.614 [http-nio-8080-exec-1] INFO  o.a.c.c.C.[.[.[/] - [log,173] - Initializing Spring DispatcherServlet 'dispatcherServlet'
09:35:35.032 [restartedMain] INFO  c.z.AsuleController - [logStarting,55] - Starting AsuleController on JLQNXWUW2GTD0WI with PID 12720 (E:\ideaProject\asule0810\ausle-admin\target\classes started by Administrator in E:\ideaProject\asule0810)
09:35:35.043 [restartedMain] INFO  c.z.AsuleController - [logStartupProfileInfo,655] - The following profiles are active: dev
09:35:36.948 [restartedMain] INFO  o.a.c.h.Http11NioProtocol - [log,173] - Initializing ProtocolHandler ["http-nio-8080"]
09:35:36.948 [restartedMain] INFO  o.a.c.c.StandardService - [log,173] - Starting service [Tomcat]
09:35:36.949 [restartedMain] INFO  o.a.c.c.StandardEngine - [log,173] - Starting Servlet engine: [Apache Tomcat/9.0.36]
09:35:37.072 [restartedMain] INFO  o.a.c.c.C.[.[.[/] - [log,173] - Initializing Spring embedded WebApplicationContext
09:35:37.624 [restartedMain] INFO  c.a.d.s.b.a.DruidDataSourceAutoConfigure - [dataSource,56] - Init DruidDataSource
09:35:37.921 [restartedMain] INFO  c.a.d.p.DruidDataSource - [init,1003] - {dataSource-1} inited
09:35:39.198 [restartedMain] INFO  o.a.c.h.Http11NioProtocol - [log,173] - Starting ProtocolHandler ["http-nio-8080"]
09:35:39.263 [restartedMain] INFO  c.z.AsuleController - [logStarted,61] - Started AsuleController in 4.825 seconds (JVM running for 6.789)
09:38:33.994 [http-nio-8080-exec-1] INFO  o.a.c.c.C.[.[.[/] - [log,173] - Initializing Spring DispatcherServlet 'dispatcherServlet'
09:39:43.765 [restartedMain] INFO  c.z.AsuleController - [logStarting,55] - Starting AsuleController on JLQNXWUW2GTD0WI with PID 3124 (E:\ideaProject\asule0810\ausle-admin\target\classes started by Administrator in E:\ideaProject\asule0810)
09:39:43.767 [restartedMain] INFO  c.z.AsuleController - [logStartupProfileInfo,655] - The following profiles are active: dev
09:39:45.072 [restartedMain] INFO  o.a.c.h.Http11NioProtocol - [log,173] - Initializing ProtocolHandler ["http-nio-8080"]
09:39:45.073 [restartedMain] INFO  o.a.c.c.StandardService - [log,173] - Starting service [Tomcat]
09:39:45.073 [restartedMain] INFO  o.a.c.c.StandardEngine - [log,173] - Starting Servlet engine: [Apache Tomcat/9.0.36]
09:39:45.166 [restartedMain] INFO  o.a.c.c.C.[.[.[/] - [log,173] - Initializing Spring embedded WebApplicationContext
09:39:45.659 [restartedMain] INFO  c.a.d.s.b.a.DruidDataSourceAutoConfigure - [dataSource,56] - Init DruidDataSource
09:39:45.835 [restartedMain] INFO  c.a.d.p.DruidDataSource - [init,1003] - {dataSource-1} inited
09:39:46.914 [restartedMain] INFO  o.a.c.h.Http11NioProtocol - [log,173] - Starting ProtocolHandler ["http-nio-8080"]
09:39:46.956 [restartedMain] INFO  c.z.AsuleController - [logStarted,61] - Started AsuleController in 3.736 seconds (JVM running for 5.696)
09:40:06.778 [http-nio-8080-exec-2] INFO  o.a.c.c.C.[.[.[/] - [log,173] - Initializing Spring DispatcherServlet 'dispatcherServlet'
09:40:25.027 [restartedMain] INFO  c.z.AsuleController - [logStarting,55] - Starting AsuleController on JLQNXWUW2GTD0WI with PID 12816 (E:\ideaProject\asule0810\ausle-admin\target\classes started by Administrator in E:\ideaProject\asule0810)
09:40:25.031 [restartedMain] INFO  c.z.AsuleController - [logStartupProfileInfo,655] - The following profiles are active: dev
09:40:26.699 [restartedMain] INFO  o.a.c.h.Http11NioProtocol - [log,173] - Initializing ProtocolHandler ["http-nio-8080"]
09:40:26.699 [restartedMain] INFO  o.a.c.c.StandardService - [log,173] - Starting service [Tomcat]
09:40:26.699 [restartedMain] INFO  o.a.c.c.StandardEngine - [log,173] - Starting Servlet engine: [Apache Tomcat/9.0.36]
09:40:26.800 [restartedMain] INFO  o.a.c.c.C.[.[.[/] - [log,173] - Initializing Spring embedded WebApplicationContext
09:40:27.385 [restartedMain] INFO  c.a.d.s.b.a.DruidDataSourceAutoConfigure - [dataSource,56] - Init DruidDataSource
09:40:27.627 [restartedMain] INFO  c.a.d.p.DruidDataSource - [init,1003] - {dataSource-1} inited
09:40:28.832 [restartedMain] INFO  o.a.c.h.Http11NioProtocol - [log,173] - Starting ProtocolHandler ["http-nio-8080"]
09:40:28.880 [restartedMain] INFO  c.z.AsuleController - [logStarted,61] - Started AsuleController in 4.192 seconds (JVM running for 5.693)
09:40:44.902 [http-nio-8080-exec-1] INFO  o.a.c.c.C.[.[.[/] - [log,173] - Initializing Spring DispatcherServlet 'dispatcherServlet'
09:41:47.207 [SpringContextShutdownHook] INFO  sys-user - [shutdownAsyncManager,32] - ====关闭后台任务任务线程池====
09:41:47.265 [SpringContextShutdownHook] INFO  c.a.d.p.DruidDataSource - [close,1948] - {dataSource-1} closing ...
09:41:47.274 [SpringContextShutdownHook] INFO  c.a.d.p.DruidDataSource - [close,2020] - {dataSource-1} closed
09:41:56.411 [restartedMain] INFO  c.z.AsuleController - [logStarting,55] - Starting AsuleController on JLQNXWUW2GTD0WI with PID 9384 (E:\ideaProject\asule0810\ausle-admin\target\classes started by Administrator in E:\ideaProject\asule0810)
09:41:56.421 [restartedMain] INFO  c.z.AsuleController - [logStartupProfileInfo,655] - The following profiles are active: dev
09:41:58.356 [restartedMain] INFO  o.a.c.h.Http11NioProtocol - [log,173] - Initializing ProtocolHandler ["http-nio-8080"]
09:41:58.356 [restartedMain] INFO  o.a.c.c.StandardService - [log,173] - Starting service [Tomcat]
09:41:58.356 [restartedMain] INFO  o.a.c.c.StandardEngine - [log,173] - Starting Servlet engine: [Apache Tomcat/9.0.36]
09:41:58.478 [restartedMain] INFO  o.a.c.c.C.[.[.[/] - [log,173] - Initializing Spring embedded WebApplicationContext
09:41:59.260 [restartedMain] INFO  c.a.d.s.b.a.DruidDataSourceAutoConfigure - [dataSource,56] - Init DruidDataSource
09:41:59.609 [restartedMain] INFO  c.a.d.p.DruidDataSource - [init,1003] - {dataSource-1} inited
09:42:01.915 [restartedMain] INFO  o.a.c.h.Http11NioProtocol - [log,173] - Starting ProtocolHandler ["http-nio-8080"]
09:42:02.054 [restartedMain] INFO  c.z.AsuleController - [logStarted,61] - Started AsuleController in 6.216 seconds (JVM running for 7.995)
09:57:25.526 [restartedMain] INFO  c.z.AsuleController - [logStarting,55] - Starting AsuleController on JLQNXWUW2GTD0WI with PID 14176 (E:\ideaProject\asule0810\ausle-admin\target\classes started by Administrator in E:\ideaProject\asule0810)
09:57:25.533 [restartedMain] INFO  c.z.AsuleController - [logStartupProfileInfo,655] - The following profiles are active: dev
09:57:27.988 [restartedMain] INFO  o.a.c.h.Http11NioProtocol - [log,173] - Initializing ProtocolHandler ["http-nio-8080"]
09:57:27.989 [restartedMain] INFO  o.a.c.c.StandardService - [log,173] - Starting service [Tomcat]
09:57:27.989 [restartedMain] INFO  o.a.c.c.StandardEngine - [log,173] - Starting Servlet engine: [Apache Tomcat/9.0.36]
09:57:28.097 [restartedMain] INFO  o.a.c.c.C.[.[.[/] - [log,173] - Initializing Spring embedded WebApplicationContext
09:57:28.715 [restartedMain] INFO  c.a.d.s.b.a.DruidDataSourceAutoConfigure - [dataSource,56] - Init DruidDataSource
09:57:29.052 [restartedMain] INFO  c.a.d.p.DruidDataSource - [init,1003] - {dataSource-1} inited
09:57:30.751 [restartedMain] INFO  o.a.c.h.Http11NioProtocol - [log,173] - Starting ProtocolHandler ["http-nio-8080"]
09:57:30.831 [restartedMain] INFO  c.z.AsuleController - [logStarted,61] - Started AsuleController in 6.247 seconds (JVM running for 8.175)
10:01:10.334 [http-nio-8080-exec-2] INFO  o.a.c.c.C.[.[.[/] - [log,173] - Initializing Spring DispatcherServlet 'dispatcherServlet'
10:43:05.984 [restartedMain] INFO  c.z.AsuleController - [logStarting,55] - Starting AsuleController on JLQNXWUW2GTD0WI with PID 9356 (E:\ideaProject\asule0810\ausle-admin\target\classes started by Administrator in E:\ideaProject\asule0810)
10:43:05.988 [restartedMain] INFO  c.z.AsuleController - [logStartupProfileInfo,655] - The following profiles are active: dev
10:43:08.804 [restartedMain] INFO  o.a.c.h.Http11NioProtocol - [log,173] - Initializing ProtocolHandler ["http-nio-8080"]
10:43:08.811 [restartedMain] INFO  o.a.c.c.StandardService - [log,173] - Starting service [Tomcat]
10:43:08.812 [restartedMain] INFO  o.a.c.c.StandardEngine - [log,173] - Starting Servlet engine: [Apache Tomcat/9.0.36]
10:43:08.939 [restartedMain] INFO  o.a.c.c.C.[.[.[/] - [log,173] - Initializing Spring embedded WebApplicationContext
10:43:09.889 [restartedMain] INFO  c.a.d.s.b.a.DruidDataSourceAutoConfigure - [dataSource,56] - Init DruidDataSource
10:43:10.358 [restartedMain] INFO  c.a.d.p.DruidDataSource - [init,1003] - {dataSource-1} inited
10:43:12.089 [restartedMain] INFO  o.a.c.h.Http11NioProtocol - [log,173] - Starting ProtocolHandler ["http-nio-8080"]
10:43:12.214 [restartedMain] INFO  c.z.AsuleController - [logStarted,61] - Started AsuleController in 7.001 seconds (JVM running for 9.445)
10:43:31.030 [http-nio-8080-exec-1] INFO  o.a.c.c.C.[.[.[/] - [log,173] - Initializing Spring DispatcherServlet 'dispatcherServlet'
10:49:36.382 [restartedMain] INFO  c.z.AsuleController - [logStarting,55] - Starting AsuleController on JLQNXWUW2GTD0WI with PID 10412 (E:\ideaProject\asule0810\ausle-admin\target\classes started by Administrator in E:\ideaProject\asule0810)
10:49:36.391 [restartedMain] INFO  c.z.AsuleController - [logStartupProfileInfo,655] - The following profiles are active: dev
10:49:38.243 [restartedMain] INFO  o.a.c.h.Http11NioProtocol - [log,173] - Initializing ProtocolHandler ["http-nio-8080"]
10:49:38.243 [restartedMain] INFO  o.a.c.c.StandardService - [log,173] - Starting service [Tomcat]
10:49:38.244 [restartedMain] INFO  o.a.c.c.StandardEngine - [log,173] - Starting Servlet engine: [Apache Tomcat/9.0.36]
10:49:38.361 [restartedMain] INFO  o.a.c.c.C.[.[.[/] - [log,173] - Initializing Spring embedded WebApplicationContext
10:49:38.925 [restartedMain] INFO  c.a.d.s.b.a.DruidDataSourceAutoConfigure - [dataSource,56] - Init DruidDataSource
10:49:39.187 [restartedMain] INFO  c.a.d.p.DruidDataSource - [init,1003] - {dataSource-1} inited
10:49:40.392 [restartedMain] INFO  o.a.c.h.Http11NioProtocol - [log,173] - Starting ProtocolHandler ["http-nio-8080"]
10:49:40.433 [restartedMain] INFO  c.z.AsuleController - [logStarted,61] - Started AsuleController in 4.676 seconds (JVM running for 6.348)
10:49:53.574 [http-nio-8080-exec-1] INFO  o.a.c.c.C.[.[.[/] - [log,173] - Initializing Spring DispatcherServlet 'dispatcherServlet'
10:50:50.593 [restartedMain] INFO  c.z.AsuleController - [logStarting,55] - Starting AsuleController on JLQNXWUW2GTD0WI with PID 6948 (E:\ideaProject\asule0810\ausle-admin\target\classes started by Administrator in E:\ideaProject\asule0810)
10:50:50.595 [restartedMain] INFO  c.z.AsuleController - [logStartupProfileInfo,655] - The following profiles are active: dev
10:50:52.021 [restartedMain] INFO  o.a.c.h.Http11NioProtocol - [log,173] - Initializing ProtocolHandler ["http-nio-8080"]
10:50:52.022 [restartedMain] INFO  o.a.c.c.StandardService - [log,173] - Starting service [Tomcat]
10:50:52.022 [restartedMain] INFO  o.a.c.c.StandardEngine - [log,173] - Starting Servlet engine: [Apache Tomcat/9.0.36]
10:50:52.114 [restartedMain] INFO  o.a.c.c.C.[.[.[/] - [log,173] - Initializing Spring embedded WebApplicationContext
10:50:52.590 [restartedMain] INFO  c.a.d.s.b.a.DruidDataSourceAutoConfigure - [dataSource,56] - Init DruidDataSource
10:50:52.767 [restartedMain] INFO  c.a.d.p.DruidDataSource - [init,1003] - {dataSource-1} inited
10:50:53.980 [restartedMain] INFO  o.a.c.h.Http11NioProtocol - [log,173] - Starting ProtocolHandler ["http-nio-8080"]
10:50:54.023 [restartedMain] INFO  c.z.AsuleController - [logStarted,61] - Started AsuleController in 3.706 seconds (JVM running for 4.724)
10:50:58.227 [http-nio-8080-exec-1] INFO  o.a.c.c.C.[.[.[/] - [log,173] - Initializing Spring DispatcherServlet 'dispatcherServlet'
10:51:47.694 [restartedMain] INFO  c.z.AsuleController - [logStarting,55] - Starting AsuleController on JLQNXWUW2GTD0WI with PID 7696 (E:\ideaProject\asule0810\ausle-admin\target\classes started by Administrator in E:\ideaProject\asule0810)
10:51:47.696 [restartedMain] INFO  c.z.AsuleController - [logStartupProfileInfo,655] - The following profiles are active: dev
10:51:49.004 [restartedMain] INFO  o.a.c.h.Http11NioProtocol - [log,173] - Initializing ProtocolHandler ["http-nio-8080"]
10:51:49.005 [restartedMain] INFO  o.a.c.c.StandardService - [log,173] - Starting service [Tomcat]
10:51:49.005 [restartedMain] INFO  o.a.c.c.StandardEngine - [log,173] - Starting Servlet engine: [Apache Tomcat/9.0.36]
10:51:49.124 [restartedMain] INFO  o.a.c.c.C.[.[.[/] - [log,173] - Initializing Spring embedded WebApplicationContext
10:51:49.597 [restartedMain] INFO  c.a.d.s.b.a.DruidDataSourceAutoConfigure - [dataSource,56] - Init DruidDataSource
10:51:49.776 [restartedMain] INFO  c.a.d.p.DruidDataSource - [init,1003] - {dataSource-1} inited
10:51:50.775 [restartedMain] INFO  o.a.c.h.Http11NioProtocol - [log,173] - Starting ProtocolHandler ["http-nio-8080"]
10:51:50.817 [restartedMain] INFO  c.z.AsuleController - [logStarted,61] - Started AsuleController in 3.38 seconds (JVM running for 4.296)
10:51:54.496 [http-nio-8080-exec-1] INFO  o.a.c.c.C.[.[.[/] - [log,173] - Initializing Spring DispatcherServlet 'dispatcherServlet'
10:54:56.124 [restartedMain] INFO  c.z.AsuleController - [logStarting,55] - Starting AsuleController on JLQNXWUW2GTD0WI with PID 9524 (E:\ideaProject\asule0810\ausle-admin\target\classes started by Administrator in E:\ideaProject\asule0810)
10:54:56.131 [restartedMain] INFO  c.z.AsuleController - [logStartupProfileInfo,655] - The following profiles are active: dev
10:54:58.149 [restartedMain] INFO  o.a.c.h.Http11NioProtocol - [log,173] - Initializing ProtocolHandler ["http-nio-8080"]
10:54:58.150 [restartedMain] INFO  o.a.c.c.StandardService - [log,173] - Starting service [Tomcat]
10:54:58.150 [restartedMain] INFO  o.a.c.c.StandardEngine - [log,173] - Starting Servlet engine: [Apache Tomcat/9.0.36]
10:54:58.268 [restartedMain] INFO  o.a.c.c.C.[.[.[/] - [log,173] - Initializing Spring embedded WebApplicationContext
10:54:58.852 [restartedMain] INFO  c.a.d.s.b.a.DruidDataSourceAutoConfigure - [dataSource,56] - Init DruidDataSource
10:54:59.158 [restartedMain] INFO  c.a.d.p.DruidDataSource - [init,1003] - {dataSource-1} inited
10:55:00.546 [restartedMain] INFO  o.a.c.h.Http11NioProtocol - [log,173] - Starting ProtocolHandler ["http-nio-8080"]
10:55:00.594 [restartedMain] INFO  c.z.AsuleController - [logStarted,61] - Started AsuleController in 4.942 seconds (JVM running for 6.497)
10:55:25.403 [http-nio-8080-exec-1] INFO  o.a.c.c.C.[.[.[/] - [log,173] - Initializing Spring DispatcherServlet 'dispatcherServlet'
11:01:21.701 [restartedMain] INFO  c.z.AsuleController - [logStarting,55] - Starting AsuleController on JLQNXWUW2GTD0WI with PID 10200 (E:\ideaProject\asule0810\ausle-admin\target\classes started by Administrator in E:\ideaProject\asule0810)
11:01:21.722 [restartedMain] INFO  c.z.AsuleController - [logStartupProfileInfo,655] - The following profiles are active: dev
11:01:24.497 [restartedMain] INFO  o.a.c.h.Http11NioProtocol - [log,173] - Initializing ProtocolHandler ["http-nio-8080"]
11:01:24.498 [restartedMain] INFO  o.a.c.c.StandardService - [log,173] - Starting service [Tomcat]
11:01:24.498 [restartedMain] INFO  o.a.c.c.StandardEngine - [log,173] - Starting Servlet engine: [Apache Tomcat/9.0.36]
11:01:24.607 [restartedMain] INFO  o.a.c.c.C.[.[.[/] - [log,173] - Initializing Spring embedded WebApplicationContext
11:01:25.246 [restartedMain] INFO  c.a.d.s.b.a.DruidDataSourceAutoConfigure - [dataSource,56] - Init DruidDataSource
11:01:25.535 [restartedMain] INFO  c.a.d.p.DruidDataSource - [init,1003] - {dataSource-1} inited
11:01:27.092 [restartedMain] INFO  o.a.c.h.Http11NioProtocol - [log,173] - Starting ProtocolHandler ["http-nio-8080"]
11:01:27.207 [restartedMain] INFO  c.z.AsuleController - [logStarted,61] - Started AsuleController in 6.009 seconds (JVM running for 7.722)
11:01:43.325 [http-nio-8080-exec-1] INFO  o.a.c.c.C.[.[.[/] - [log,173] - Initializing Spring DispatcherServlet 'dispatcherServlet'
11:03:07.133 [restartedMain] INFO  c.z.AsuleController - [logStarting,55] - Starting AsuleController on JLQNXWUW2GTD0WI with PID 4528 (E:\ideaProject\asule0810\ausle-admin\target\classes started by Administrator in E:\ideaProject\asule0810)
11:03:07.143 [restartedMain] INFO  c.z.AsuleController - [logStartupProfileInfo,655] - The following profiles are active: dev
11:03:09.568 [restartedMain] INFO  o.a.c.h.Http11NioProtocol - [log,173] - Initializing ProtocolHandler ["http-nio-8080"]
11:03:09.569 [restartedMain] INFO  o.a.c.c.StandardService - [log,173] - Starting service [Tomcat]
11:03:09.569 [restartedMain] INFO  o.a.c.c.StandardEngine - [log,173] - Starting Servlet engine: [Apache Tomcat/9.0.36]
11:03:09.685 [restartedMain] INFO  o.a.c.c.C.[.[.[/] - [log,173] - Initializing Spring embedded WebApplicationContext
11:03:10.236 [restartedMain] INFO  c.a.d.s.b.a.DruidDataSourceAutoConfigure - [dataSource,56] - Init DruidDataSource
11:03:10.469 [restartedMain] INFO  c.a.d.p.DruidDataSource - [init,1003] - {dataSource-1} inited
11:03:11.833 [restartedMain] INFO  o.a.c.h.Http11NioProtocol - [log,173] - Starting ProtocolHandler ["http-nio-8080"]
11:03:11.894 [restartedMain] INFO  c.z.AsuleController - [logStarted,61] - Started AsuleController in 5.401 seconds (JVM running for 8.802)
11:03:15.655 [http-nio-8080-exec-1] INFO  o.a.c.c.C.[.[.[/] - [log,173] - Initializing Spring DispatcherServlet 'dispatcherServlet'
11:05:09.544 [restartedMain] INFO  c.z.AsuleController - [logStarting,55] - Starting AsuleController on JLQNXWUW2GTD0WI with PID 13816 (E:\ideaProject\asule0810\ausle-admin\target\classes started by Administrator in E:\ideaProject\asule0810)
11:05:09.546 [restartedMain] INFO  c.z.AsuleController - [logStartupProfileInfo,655] - The following profiles are active: dev
11:05:11.403 [restartedMain] INFO  o.a.c.h.Http11NioProtocol - [log,173] - Initializing ProtocolHandler ["http-nio-8080"]
11:05:11.403 [restartedMain] INFO  o.a.c.c.StandardService - [log,173] - Starting service [Tomcat]
11:05:11.404 [restartedMain] INFO  o.a.c.c.StandardEngine - [log,173] - Starting Servlet engine: [Apache Tomcat/9.0.36]
11:05:11.494 [restartedMain] INFO  o.a.c.c.C.[.[.[/] - [log,173] - Initializing Spring embedded WebApplicationContext
11:05:11.972 [restartedMain] INFO  c.a.d.s.b.a.DruidDataSourceAutoConfigure - [dataSource,56] - Init DruidDataSource
11:05:12.176 [restartedMain] INFO  c.a.d.p.DruidDataSource - [init,1003] - {dataSource-1} inited
11:05:13.409 [restartedMain] INFO  o.a.c.h.Http11NioProtocol - [log,173] - Starting ProtocolHandler ["http-nio-8080"]
11:05:13.448 [restartedMain] INFO  c.z.AsuleController - [logStarted,61] - Started AsuleController in 4.325 seconds (JVM running for 5.092)
11:05:18.002 [http-nio-8080-exec-1] INFO  o.a.c.c.C.[.[.[/] - [log,173] - Initializing Spring DispatcherServlet 'dispatcherServlet'
11:09:03.597 [restartedMain] INFO  c.z.AsuleController - [logStarting,55] - Starting AsuleController on JLQNXWUW2GTD0WI with PID 4560 (E:\ideaProject\asule0810\ausle-admin\target\classes started by Administrator in E:\ideaProject\asule0810)
11:09:03.606 [restartedMain] INFO  c.z.AsuleController - [logStartupProfileInfo,655] - The following profiles are active: dev
11:09:05.420 [restartedMain] INFO  o.a.c.h.Http11NioProtocol - [log,173] - Initializing ProtocolHandler ["http-nio-8080"]
11:09:05.421 [restartedMain] INFO  o.a.c.c.StandardService - [log,173] - Starting service [Tomcat]
11:09:05.421 [restartedMain] INFO  o.a.c.c.StandardEngine - [log,173] - Starting Servlet engine: [Apache Tomcat/9.0.36]
11:09:05.546 [restartedMain] INFO  o.a.c.c.C.[.[.[/] - [log,173] - Initializing Spring embedded WebApplicationContext
11:09:06.081 [restartedMain] INFO  c.a.d.s.b.a.DruidDataSourceAutoConfigure - [dataSource,56] - Init DruidDataSource
11:09:06.358 [restartedMain] INFO  c.a.d.p.DruidDataSource - [init,1003] - {dataSource-1} inited
11:09:07.612 [restartedMain] INFO  o.a.c.h.Http11NioProtocol - [log,173] - Starting ProtocolHandler ["http-nio-8080"]
11:09:07.671 [restartedMain] INFO  c.z.AsuleController - [logStarted,61] - Started AsuleController in 4.515 seconds (JVM running for 6.273)
11:09:20.496 [http-nio-8080-exec-1] INFO  o.a.c.c.C.[.[.[/] - [log,173] - Initializing Spring DispatcherServlet 'dispatcherServlet'
13:47:43.918 [restartedMain] INFO  c.z.AsuleController - [logStarting,55] - Starting AsuleController on JLQNXWUW2GTD0WI with PID 10128 (E:\ideaProject\asule0810\ausle-admin\target\classes started by Administrator in E:\ideaProject\asule0810)
13:47:43.934 [restartedMain] INFO  c.z.AsuleController - [logStartupProfileInfo,655] - The following profiles are active: dev
13:47:47.058 [restartedMain] INFO  o.a.c.h.Http11NioProtocol - [log,173] - Initializing ProtocolHandler ["http-nio-8080"]
13:47:47.059 [restartedMain] INFO  o.a.c.c.StandardService - [log,173] - Starting service [Tomcat]
13:47:47.059 [restartedMain] INFO  o.a.c.c.StandardEngine - [log,173] - Starting Servlet engine: [Apache Tomcat/9.0.36]
13:47:47.299 [restartedMain] INFO  o.a.c.c.C.[.[.[/] - [log,173] - Initializing Spring embedded WebApplicationContext
13:47:49.451 [restartedMain] INFO  c.a.d.s.b.a.DruidDataSourceAutoConfigure - [dataSource,56] - Init DruidDataSource
13:47:51.326 [restartedMain] INFO  c.a.d.p.DruidDataSource - [init,1003] - {dataSource-1} inited
13:47:56.666 [restartedMain] INFO  o.a.c.h.Http11NioProtocol - [log,173] - Starting ProtocolHandler ["http-nio-8080"]
13:47:57.501 [restartedMain] INFO  c.z.AsuleController - [logStarted,61] - Started AsuleController in 14.306 seconds (JVM running for 17.975)
13:48:07.174 [http-nio-8080-exec-1] INFO  o.a.c.c.C.[.[.[/] - [log,173] - Initializing Spring DispatcherServlet 'dispatcherServlet'
13:48:12.867 [http-nio-8080-exec-4] INFO  c.z.f.UserDetailsServiceImpl - [loadUserByUsername,42] - 登录用户：admin 不存在.
13:48:13.035 [schedule-pool-1] INFO  sys-user - [run,57] - [127.0.0.1]内网IP[admin][Error][用户不存在/密码错误]
13:48:26.314 [schedule-pool-1] INFO  sys-user - [run,57] - [127.0.0.1]内网IP[admin1][Success][登录成功]
14:36:01.256 [restartedMain] INFO  c.z.AsuleController - [logStarting,55] - Starting AsuleController on JLQNXWUW2GTD0WI with PID 4868 (E:\ideaProject\asule0810\ausle-admin\target\classes started by Administrator in E:\ideaProject\asule0810)
14:36:01.272 [restartedMain] INFO  c.z.AsuleController - [logStartupProfileInfo,655] - The following profiles are active: dev
14:36:04.127 [restartedMain] INFO  o.a.c.h.Http11NioProtocol - [log,173] - Initializing ProtocolHandler ["http-nio-8080"]
14:36:04.128 [restartedMain] INFO  o.a.c.c.StandardService - [log,173] - Starting service [Tomcat]
14:36:04.128 [restartedMain] INFO  o.a.c.c.StandardEngine - [log,173] - Starting Servlet engine: [Apache Tomcat/9.0.36]
14:36:04.253 [restartedMain] INFO  o.a.c.c.C.[.[.[/] - [log,173] - Initializing Spring embedded WebApplicationContext
14:36:05.133 [restartedMain] INFO  c.a.d.s.b.a.DruidDataSourceAutoConfigure - [dataSource,56] - Init DruidDataSource
14:36:05.638 [restartedMain] INFO  c.a.d.p.DruidDataSource - [init,1003] - {dataSource-1} inited
14:36:07.446 [restartedMain] INFO  o.a.c.h.Http11NioProtocol - [log,173] - Starting ProtocolHandler ["http-nio-8080"]
14:36:07.552 [restartedMain] INFO  c.z.AsuleController - [logStarted,61] - Started AsuleController in 7.183 seconds (JVM running for 9.903)
14:36:44.473 [http-nio-8080-exec-1] INFO  o.a.c.c.C.[.[.[/] - [log,173] - Initializing Spring DispatcherServlet 'dispatcherServlet'
14:37:27.573 [Thread-213] INFO  sys-user - [shutdownAsyncManager,32] - ====关闭后台任务任务线程池====
14:37:27.599 [Thread-213] INFO  c.a.d.p.DruidDataSource - [close,1948] - {dataSource-1} closing ...
14:37:27.626 [Thread-213] INFO  c.a.d.p.DruidDataSource - [close,2020] - {dataSource-1} closed
14:37:27.887 [restartedMain] INFO  c.z.AsuleController - [logStarting,55] - Starting AsuleController on JLQNXWUW2GTD0WI with PID 4868 (E:\ideaProject\asule0810\ausle-admin\target\classes started by Administrator in E:\ideaProject\asule0810)
14:37:27.887 [restartedMain] INFO  c.z.AsuleController - [logStartupProfileInfo,655] - The following profiles are active: dev
14:37:28.491 [restartedMain] INFO  o.a.c.h.Http11NioProtocol - [log,173] - Initializing ProtocolHandler ["http-nio-8080"]
14:37:28.491 [restartedMain] INFO  o.a.c.c.StandardService - [log,173] - Starting service [Tomcat]
14:37:28.491 [restartedMain] INFO  o.a.c.c.StandardEngine - [log,173] - Starting Servlet engine: [Apache Tomcat/9.0.36]
14:37:28.595 [restartedMain] INFO  o.a.c.c.C.[.[.[/] - [log,173] - Initializing Spring embedded WebApplicationContext
14:37:28.695 [restartedMain] INFO  c.a.d.s.b.a.DruidDataSourceAutoConfigure - [dataSource,56] - Init DruidDataSource
14:37:28.743 [restartedMain] INFO  c.a.d.p.DruidDataSource - [init,1003] - {dataSource-2} inited
14:37:29.232 [restartedMain] INFO  o.a.c.h.Http11NioProtocol - [log,173] - Starting ProtocolHandler ["http-nio-8080"]
14:37:29.257 [restartedMain] INFO  c.z.AsuleController - [logStarted,61] - Started AsuleController in 1.436 seconds (JVM running for 91.606)
14:37:46.289 [restartedMain] INFO  c.z.AsuleController - [logStarting,55] - Starting AsuleController on JLQNXWUW2GTD0WI with PID 11880 (E:\ideaProject\asule0810\ausle-admin\target\classes started by Administrator in E:\ideaProject\asule0810)
14:37:46.313 [restartedMain] INFO  c.z.AsuleController - [logStartupProfileInfo,655] - The following profiles are active: dev
14:37:49.205 [restartedMain] INFO  o.a.c.h.Http11NioProtocol - [log,173] - Initializing ProtocolHandler ["http-nio-8080"]
14:37:49.205 [restartedMain] INFO  o.a.c.c.StandardService - [log,173] - Starting service [Tomcat]
14:37:49.206 [restartedMain] INFO  o.a.c.c.StandardEngine - [log,173] - Starting Servlet engine: [Apache Tomcat/9.0.36]
14:37:49.334 [restartedMain] INFO  o.a.c.c.C.[.[.[/] - [log,173] - Initializing Spring embedded WebApplicationContext
14:37:50.218 [restartedMain] INFO  c.a.d.s.b.a.DruidDataSourceAutoConfigure - [dataSource,56] - Init DruidDataSource
14:37:50.999 [restartedMain] INFO  c.a.d.p.DruidDataSource - [init,1003] - {dataSource-1} inited
14:37:52.446 [restartedMain] INFO  o.a.c.h.Http11NioProtocol - [log,173] - Starting ProtocolHandler ["http-nio-8080"]
14:37:52.503 [restartedMain] INFO  c.z.AsuleController - [logStarted,61] - Started AsuleController in 7.504 seconds (JVM running for 9.975)
14:37:56.407 [http-nio-8080-exec-1] INFO  o.a.c.c.C.[.[.[/] - [log,173] - Initializing Spring DispatcherServlet 'dispatcherServlet'
14:38:27.500 [schedule-pool-1] INFO  sys-user - [run,57] - [127.0.0.1]内网IP[admin1][Success][登录成功]
