10:45:20.931 [restartedMain] INFO  c.z.AsuleController - [logStarting,55] - Starting AsuleController on JLQNXWUW2GTD0WI with PID 8792 (E:\ideaProject\asule0810\ausle-admin\target\classes started by Administrator in E:\ideaProject\asule0810)
10:45:20.953 [restartedMain] INFO  c.z.AsuleController - [logStartupProfileInfo,655] - The following profiles are active: dev
10:45:25.109 [restartedMain] INFO  o.a.c.h.Http11NioProtocol - [log,173] - Initializing ProtocolHandler ["http-nio-8080"]
10:45:25.111 [restartedMain] INFO  o.a.c.c.StandardService - [log,173] - Starting service [Tomcat]
10:45:25.112 [restartedMain] INFO  o.a.c.c.StandardEngine - [log,173] - Starting Servlet engine: [Apache Tomcat/9.0.36]
10:45:25.273 [restartedMain] INFO  o.a.c.c.C.[.[.[/] - [log,173] - Initializing Spring embedded WebApplicationContext
10:45:26.410 [restartedMain] INFO  c.a.d.s.b.a.DruidDataSourceAutoConfigure - [dataSource,56] - Init DruidDataSource
10:45:27.222 [restartedMain] INFO  c.a.d.p.DruidDataSource - [init,1003] - {dataSource-1} inited
10:45:30.198 [restartedMain] INFO  o.a.c.h.Http11NioProtocol - [log,173] - Starting ProtocolHandler ["http-nio-8080"]
10:45:30.327 [restartedMain] INFO  c.z.AsuleController - [logStarted,61] - Started AsuleController in 9.985 seconds (JVM running for 13.23)
10:45:51.332 [http-nio-8080-exec-3] INFO  o.a.c.c.C.[.[.[/] - [log,173] - Initializing Spring DispatcherServlet 'dispatcherServlet'
10:46:08.619 [schedule-pool-1] INFO  sys-user - [run,57] - [127.0.0.1]内网IP[admin][Success][登录成功]
10:48:24.995 [schedule-pool-1] INFO  sys-user - [run,57] - [127.0.0.1]内网IP[admin][Success][登录成功]
10:50:37.155 [SpringContextShutdownHook] INFO  sys-user - [shutdownAsyncManager,32] - ====关闭后台任务任务线程池====
10:50:37.156 [SpringContextShutdownHook] INFO  c.a.d.p.DruidDataSource - [close,1948] - {dataSource-1} closing ...
10:50:37.185 [SpringContextShutdownHook] INFO  c.a.d.p.DruidDataSource - [close,2020] - {dataSource-1} closed
10:50:48.631 [restartedMain] INFO  c.z.AsuleController - [logStarting,55] - Starting AsuleController on JLQNXWUW2GTD0WI with PID 9020 (E:\ideaProject\asule0810\ausle-admin\target\classes started by Administrator in E:\ideaProject\asule0810)
10:50:48.642 [restartedMain] INFO  c.z.AsuleController - [logStartupProfileInfo,655] - The following profiles are active: dev
10:50:51.247 [restartedMain] INFO  o.a.c.h.Http11NioProtocol - [log,173] - Initializing ProtocolHandler ["http-nio-8080"]
10:50:51.248 [restartedMain] INFO  o.a.c.c.StandardService - [log,173] - Starting service [Tomcat]
10:50:51.249 [restartedMain] INFO  o.a.c.c.StandardEngine - [log,173] - Starting Servlet engine: [Apache Tomcat/9.0.36]
10:50:51.418 [restartedMain] INFO  o.a.c.c.C.[.[.[/] - [log,173] - Initializing Spring embedded WebApplicationContext
10:50:52.309 [restartedMain] INFO  c.a.d.s.b.a.DruidDataSourceAutoConfigure - [dataSource,56] - Init DruidDataSource
10:50:52.719 [restartedMain] INFO  c.a.d.p.DruidDataSource - [init,1003] - {dataSource-1} inited
10:50:54.568 [restartedMain] INFO  o.a.c.h.Http11NioProtocol - [log,173] - Starting ProtocolHandler ["http-nio-8080"]
10:50:54.717 [restartedMain] INFO  c.z.AsuleController - [logStarted,61] - Started AsuleController in 6.966 seconds (JVM running for 9.603)
10:51:03.295 [http-nio-8080-exec-2] INFO  o.a.c.c.C.[.[.[/] - [log,173] - Initializing Spring DispatcherServlet 'dispatcherServlet'
10:51:22.109 [schedule-pool-1] INFO  sys-user - [run,57] - [127.0.0.1]内网IP[admin][Success][登录成功]
10:53:07.381 [schedule-pool-1] INFO  sys-user - [run,57] - [127.0.0.1]内网IP[admin][Success][登录成功]
10:57:26.316 [schedule-pool-2] INFO  sys-user - [run,57] - [127.0.0.1]内网IP[admin][Success][登录成功]
10:59:30.345 [SpringContextShutdownHook] INFO  sys-user - [shutdownAsyncManager,32] - ====关闭后台任务任务线程池====
10:59:30.347 [SpringContextShutdownHook] INFO  c.a.d.p.DruidDataSource - [close,1948] - {dataSource-1} closing ...
10:59:30.465 [SpringContextShutdownHook] INFO  c.a.d.p.DruidDataSource - [close,2020] - {dataSource-1} closed
10:59:48.043 [restartedMain] INFO  c.z.AsuleController - [logStarting,55] - Starting AsuleController on JLQNXWUW2GTD0WI with PID 10816 (E:\ideaProject\asule0810\ausle-admin\target\classes started by Administrator in E:\ideaProject\asule0810)
10:59:48.073 [restartedMain] INFO  c.z.AsuleController - [logStartupProfileInfo,655] - The following profiles are active: dev
10:59:55.035 [restartedMain] INFO  o.a.c.h.Http11NioProtocol - [log,173] - Initializing ProtocolHandler ["http-nio-8080"]
10:59:55.040 [restartedMain] INFO  o.a.c.c.StandardService - [log,173] - Starting service [Tomcat]
10:59:55.041 [restartedMain] INFO  o.a.c.c.StandardEngine - [log,173] - Starting Servlet engine: [Apache Tomcat/9.0.36]
10:59:55.291 [restartedMain] INFO  o.a.c.c.C.[.[.[/] - [log,173] - Initializing Spring embedded WebApplicationContext
10:59:58.184 [restartedMain] INFO  c.a.d.s.b.a.DruidDataSourceAutoConfigure - [dataSource,56] - Init DruidDataSource
10:59:59.523 [restartedMain] INFO  c.a.d.p.DruidDataSource - [init,1003] - {dataSource-1} inited
11:00:03.147 [restartedMain] INFO  sys-user - [shutdownAsyncManager,32] - ====关闭后台任务任务线程池====
11:00:03.179 [restartedMain] INFO  c.a.d.p.DruidDataSource - [close,1948] - {dataSource-1} closing ...
11:00:03.204 [restartedMain] INFO  c.a.d.p.DruidDataSource - [close,2020] - {dataSource-1} closed
11:00:03.244 [restartedMain] INFO  o.a.c.c.StandardService - [log,173] - Stopping service [Tomcat]
11:03:26.307 [restartedMain] INFO  c.z.AsuleController - [logStarting,55] - Starting AsuleController on JLQNXWUW2GTD0WI with PID 9840 (E:\ideaProject\asule0810\ausle-admin\target\classes started by Administrator in E:\ideaProject\asule0810)
11:03:26.331 [restartedMain] INFO  c.z.AsuleController - [logStartupProfileInfo,655] - The following profiles are active: dev
11:03:29.319 [restartedMain] INFO  o.a.c.h.Http11NioProtocol - [log,173] - Initializing ProtocolHandler ["http-nio-8080"]
11:03:29.328 [restartedMain] INFO  o.a.c.c.StandardService - [log,173] - Starting service [Tomcat]
11:03:29.328 [restartedMain] INFO  o.a.c.c.StandardEngine - [log,173] - Starting Servlet engine: [Apache Tomcat/9.0.36]
11:03:29.563 [restartedMain] INFO  o.a.c.c.C.[.[.[/] - [log,173] - Initializing Spring embedded WebApplicationContext
11:03:31.273 [restartedMain] INFO  c.a.d.s.b.a.DruidDataSourceAutoConfigure - [dataSource,56] - Init DruidDataSource
11:03:32.380 [restartedMain] INFO  c.a.d.p.DruidDataSource - [init,1003] - {dataSource-1} inited
11:03:35.839 [restartedMain] INFO  sys-user - [shutdownAsyncManager,32] - ====关闭后台任务任务线程池====
11:03:35.874 [restartedMain] INFO  c.a.d.p.DruidDataSource - [close,1948] - {dataSource-1} closing ...
11:03:35.900 [restartedMain] INFO  c.a.d.p.DruidDataSource - [close,2020] - {dataSource-1} closed
11:03:35.976 [restartedMain] INFO  o.a.c.c.StandardService - [log,173] - Stopping service [Tomcat]
11:04:52.088 [restartedMain] INFO  c.z.AsuleController - [logStarting,55] - Starting AsuleController on JLQNXWUW2GTD0WI with PID 8872 (E:\ideaProject\asule0810\ausle-admin\target\classes started by Administrator in E:\ideaProject\asule0810)
11:04:52.101 [restartedMain] INFO  c.z.AsuleController - [logStartupProfileInfo,655] - The following profiles are active: dev
11:04:54.742 [restartedMain] INFO  o.a.c.h.Http11NioProtocol - [log,173] - Initializing ProtocolHandler ["http-nio-8080"]
11:04:54.743 [restartedMain] INFO  o.a.c.c.StandardService - [log,173] - Starting service [Tomcat]
11:04:54.743 [restartedMain] INFO  o.a.c.c.StandardEngine - [log,173] - Starting Servlet engine: [Apache Tomcat/9.0.36]
11:04:54.879 [restartedMain] INFO  o.a.c.c.C.[.[.[/] - [log,173] - Initializing Spring embedded WebApplicationContext
11:04:55.677 [restartedMain] INFO  c.a.d.s.b.a.DruidDataSourceAutoConfigure - [dataSource,56] - Init DruidDataSource
11:04:56.003 [restartedMain] INFO  c.a.d.p.DruidDataSource - [init,1003] - {dataSource-1} inited
11:04:57.818 [restartedMain] INFO  o.a.c.h.Http11NioProtocol - [log,173] - Starting ProtocolHandler ["http-nio-8080"]
11:04:57.914 [restartedMain] INFO  c.z.AsuleController - [logStarted,61] - Started AsuleController in 6.903 seconds (JVM running for 9.371)
11:05:24.513 [http-nio-8080-exec-1] INFO  o.a.c.c.C.[.[.[/] - [log,173] - Initializing Spring DispatcherServlet 'dispatcherServlet'
11:05:45.802 [schedule-pool-1] INFO  sys-user - [run,57] - [127.0.0.1]内网IP[admin][Success][登录成功]
11:07:51.392 [SpringContextShutdownHook] INFO  sys-user - [shutdownAsyncManager,32] - ====关闭后台任务任务线程池====
11:07:51.393 [SpringContextShutdownHook] INFO  c.a.d.p.DruidDataSource - [close,1948] - {dataSource-1} closing ...
11:07:51.452 [SpringContextShutdownHook] INFO  c.a.d.p.DruidDataSource - [close,2020] - {dataSource-1} closed
11:08:01.226 [restartedMain] INFO  c.z.AsuleController - [logStarting,55] - Starting AsuleController on JLQNXWUW2GTD0WI with PID 11960 (E:\ideaProject\asule0810\ausle-admin\target\classes started by Administrator in E:\ideaProject\asule0810)
11:08:01.233 [restartedMain] INFO  c.z.AsuleController - [logStartupProfileInfo,655] - The following profiles are active: dev
11:08:04.256 [restartedMain] INFO  o.a.c.h.Http11NioProtocol - [log,173] - Initializing ProtocolHandler ["http-nio-8080"]
11:08:04.257 [restartedMain] INFO  o.a.c.c.StandardService - [log,173] - Starting service [Tomcat]
11:08:04.257 [restartedMain] INFO  o.a.c.c.StandardEngine - [log,173] - Starting Servlet engine: [Apache Tomcat/9.0.36]
11:08:04.542 [restartedMain] INFO  o.a.c.c.C.[.[.[/] - [log,173] - Initializing Spring embedded WebApplicationContext
11:08:05.321 [restartedMain] INFO  c.a.d.s.b.a.DruidDataSourceAutoConfigure - [dataSource,56] - Init DruidDataSource
11:08:05.720 [restartedMain] INFO  c.a.d.p.DruidDataSource - [init,1003] - {dataSource-1} inited
11:08:07.382 [restartedMain] INFO  o.a.c.h.Http11NioProtocol - [log,173] - Starting ProtocolHandler ["http-nio-8080"]
11:08:07.438 [restartedMain] INFO  c.z.AsuleController - [logStarted,61] - Started AsuleController in 6.993 seconds (JVM running for 9.902)
11:08:11.254 [http-nio-8080-exec-1] INFO  o.a.c.c.C.[.[.[/] - [log,173] - Initializing Spring DispatcherServlet 'dispatcherServlet'
11:08:43.914 [schedule-pool-1] INFO  sys-user - [run,57] - [127.0.0.1]内网IP[admin][Success][登录成功]
11:09:26.218 [SpringContextShutdownHook] INFO  sys-user - [shutdownAsyncManager,32] - ====关闭后台任务任务线程池====
11:09:26.219 [SpringContextShutdownHook] INFO  c.a.d.p.DruidDataSource - [close,1948] - {dataSource-1} closing ...
11:09:26.230 [SpringContextShutdownHook] INFO  c.a.d.p.DruidDataSource - [close,2020] - {dataSource-1} closed
11:09:37.234 [restartedMain] INFO  c.z.AsuleController - [logStarting,55] - Starting AsuleController on JLQNXWUW2GTD0WI with PID 7328 (E:\ideaProject\asule0810\ausle-admin\target\classes started by Administrator in E:\ideaProject\asule0810)
11:09:37.238 [restartedMain] INFO  c.z.AsuleController - [logStartupProfileInfo,655] - The following profiles are active: dev
11:09:40.298 [restartedMain] INFO  o.a.c.h.Http11NioProtocol - [log,173] - Initializing ProtocolHandler ["http-nio-8080"]
11:09:40.299 [restartedMain] INFO  o.a.c.c.StandardService - [log,173] - Starting service [Tomcat]
11:09:40.299 [restartedMain] INFO  o.a.c.c.StandardEngine - [log,173] - Starting Servlet engine: [Apache Tomcat/9.0.36]
11:09:40.428 [restartedMain] INFO  o.a.c.c.C.[.[.[/] - [log,173] - Initializing Spring embedded WebApplicationContext
11:09:41.386 [restartedMain] INFO  c.a.d.s.b.a.DruidDataSourceAutoConfigure - [dataSource,56] - Init DruidDataSource
11:09:41.784 [restartedMain] INFO  c.a.d.p.DruidDataSource - [init,1003] - {dataSource-1} inited
11:09:44.370 [restartedMain] INFO  o.a.c.h.Http11NioProtocol - [log,173] - Starting ProtocolHandler ["http-nio-8080"]
11:09:44.484 [restartedMain] INFO  c.z.AsuleController - [logStarted,61] - Started AsuleController in 8.663 seconds (JVM running for 11.928)
11:09:52.279 [http-nio-8080-exec-1] INFO  o.a.c.c.C.[.[.[/] - [log,173] - Initializing Spring DispatcherServlet 'dispatcherServlet'
11:09:59.121 [schedule-pool-1] INFO  sys-user - [run,57] - [127.0.0.1]内网IP[admin][Success][登录成功]
11:11:54.801 [schedule-pool-1] INFO  sys-user - [run,57] - [127.0.0.1]内网IP[admin1][Success][登录成功]
11:13:51.814 [http-nio-8080-exec-5] INFO  c.z.f.UserDetailsServiceImpl - [loadUserByUsername,42] - 登录用户：admin 不存在.
11:13:52.270 [schedule-pool-2] INFO  sys-user - [run,57] - [127.0.0.1]内网IP[admin][Error][用户不存在/密码错误]
11:14:05.534 [schedule-pool-1] INFO  sys-user - [run,57] - [127.0.0.1]内网IP[admin1][Success][登录成功]
11:15:41.088 [SpringContextShutdownHook] INFO  sys-user - [shutdownAsyncManager,32] - ====关闭后台任务任务线程池====
11:15:41.089 [SpringContextShutdownHook] INFO  c.a.d.p.DruidDataSource - [close,1948] - {dataSource-1} closing ...
11:15:41.118 [SpringContextShutdownHook] INFO  c.a.d.p.DruidDataSource - [close,2020] - {dataSource-1} closed
11:15:55.245 [restartedMain] INFO  c.z.AsuleController - [logStarting,55] - Starting AsuleController on JLQNXWUW2GTD0WI with PID 10572 (E:\ideaProject\asule0810\ausle-admin\target\classes started by Administrator in E:\ideaProject\asule0810)
11:15:55.270 [restartedMain] INFO  c.z.AsuleController - [logStartupProfileInfo,655] - The following profiles are active: dev
11:15:58.118 [restartedMain] INFO  o.a.c.h.Http11NioProtocol - [log,173] - Initializing ProtocolHandler ["http-nio-8080"]
11:15:58.119 [restartedMain] INFO  o.a.c.c.StandardService - [log,173] - Starting service [Tomcat]
11:15:58.120 [restartedMain] INFO  o.a.c.c.StandardEngine - [log,173] - Starting Servlet engine: [Apache Tomcat/9.0.36]
11:15:58.384 [restartedMain] INFO  o.a.c.c.C.[.[.[/] - [log,173] - Initializing Spring embedded WebApplicationContext
11:16:00.023 [restartedMain] INFO  c.a.d.s.b.a.DruidDataSourceAutoConfigure - [dataSource,56] - Init DruidDataSource
11:16:00.468 [restartedMain] INFO  c.a.d.p.DruidDataSource - [init,1003] - {dataSource-1} inited
11:16:03.613 [restartedMain] INFO  o.a.c.h.Http11NioProtocol - [log,173] - Starting ProtocolHandler ["http-nio-8080"]
11:16:03.751 [restartedMain] INFO  c.z.AsuleController - [logStarted,61] - Started AsuleController in 9.213 seconds (JVM running for 14.99)
11:16:23.208 [http-nio-8080-exec-2] INFO  o.a.c.c.C.[.[.[/] - [log,173] - Initializing Spring DispatcherServlet 'dispatcherServlet'
11:16:30.612 [schedule-pool-1] INFO  sys-user - [run,57] - [127.0.0.1]内网IP[admin1][Success][登录成功]
11:29:16.555 [SpringContextShutdownHook] INFO  sys-user - [shutdownAsyncManager,32] - ====关闭后台任务任务线程池====
11:29:16.558 [SpringContextShutdownHook] INFO  c.a.d.p.DruidDataSource - [close,1948] - {dataSource-1} closing ...
11:29:16.581 [SpringContextShutdownHook] INFO  c.a.d.p.DruidDataSource - [close,2020] - {dataSource-1} closed
14:51:07.228 [restartedMain] INFO  c.z.AsuleController - [logStarting,55] - Starting AsuleController on JLQNXWUW2GTD0WI with PID 11376 (E:\ideaProject\asule0810\ausle-admin\target\classes started by Administrator in E:\ideaProject\asule0810)
14:51:07.253 [restartedMain] INFO  c.z.AsuleController - [logStartupProfileInfo,655] - The following profiles are active: dev
14:51:12.824 [restartedMain] INFO  o.a.c.h.Http11NioProtocol - [log,173] - Initializing ProtocolHandler ["http-nio-8080"]
14:51:12.828 [restartedMain] INFO  o.a.c.c.StandardService - [log,173] - Starting service [Tomcat]
14:51:12.828 [restartedMain] INFO  o.a.c.c.StandardEngine - [log,173] - Starting Servlet engine: [Apache Tomcat/9.0.36]
14:51:13.243 [restartedMain] INFO  o.a.c.c.C.[.[.[/] - [log,173] - Initializing Spring embedded WebApplicationContext
14:51:16.074 [restartedMain] INFO  c.a.d.s.b.a.DruidDataSourceAutoConfigure - [dataSource,56] - Init DruidDataSource
14:51:16.661 [restartedMain] INFO  c.a.d.p.DruidDataSource - [init,1003] - {dataSource-1} inited
14:51:19.687 [restartedMain] INFO  o.a.c.h.Http11NioProtocol - [log,173] - Starting ProtocolHandler ["http-nio-8080"]
14:51:19.848 [restartedMain] INFO  c.z.AsuleController - [logStarted,61] - Started AsuleController in 13.275 seconds (JVM running for 16.198)
14:51:46.928 [http-nio-8080-exec-1] INFO  o.a.c.c.C.[.[.[/] - [log,173] - Initializing Spring DispatcherServlet 'dispatcherServlet'
14:51:54.430 [http-nio-8080-exec-2] INFO  c.z.f.UserDetailsServiceImpl - [loadUserByUsername,42] - 登录用户：admin 不存在.
14:51:54.643 [schedule-pool-1] INFO  sys-user - [run,57] - [127.0.0.1]内网IP[admin][Error][用户不存在/密码错误]
14:52:04.971 [schedule-pool-1] INFO  sys-user - [run,57] - [127.0.0.1]内网IP[admin1][Success][登录成功]
15:03:43.518 [restartedMain] INFO  c.z.AsuleController - [logStarting,55] - Starting AsuleController on JLQNXWUW2GTD0WI with PID 13684 (E:\ideaProject\asule0810\ausle-admin\target\classes started by Administrator in E:\ideaProject\asule0810)
15:03:43.534 [restartedMain] INFO  c.z.AsuleController - [logStartupProfileInfo,655] - The following profiles are active: dev
15:03:47.666 [restartedMain] INFO  o.a.c.h.Http11NioProtocol - [log,173] - Initializing ProtocolHandler ["http-nio-8080"]
15:03:47.672 [restartedMain] INFO  o.a.c.c.StandardService - [log,173] - Starting service [Tomcat]
15:03:47.672 [restartedMain] INFO  o.a.c.c.StandardEngine - [log,173] - Starting Servlet engine: [Apache Tomcat/9.0.36]
15:03:47.907 [restartedMain] INFO  o.a.c.c.C.[.[.[/] - [log,173] - Initializing Spring embedded WebApplicationContext
15:03:49.140 [restartedMain] INFO  c.a.d.s.b.a.DruidDataSourceAutoConfigure - [dataSource,56] - Init DruidDataSource
15:03:49.649 [restartedMain] INFO  c.a.d.p.DruidDataSource - [init,1003] - {dataSource-1} inited
15:03:52.455 [restartedMain] INFO  o.a.c.h.Http11NioProtocol - [log,173] - Starting ProtocolHandler ["http-nio-8080"]
15:03:52.699 [restartedMain] INFO  c.z.AsuleController - [logStarted,61] - Started AsuleController in 9.97 seconds (JVM running for 11.494)
15:04:06.589 [http-nio-8080-exec-1] INFO  o.a.c.c.C.[.[.[/] - [log,173] - Initializing Spring DispatcherServlet 'dispatcherServlet'
15:09:16.537 [restartedMain] INFO  c.z.AsuleController - [logStarting,55] - Starting AsuleController on JLQNXWUW2GTD0WI with PID 8476 (E:\ideaProject\asule0810\ausle-admin\target\classes started by Administrator in E:\ideaProject\asule0810)
15:09:16.547 [restartedMain] INFO  c.z.AsuleController - [logStartupProfileInfo,655] - The following profiles are active: dev
15:09:20.866 [restartedMain] INFO  o.a.c.h.Http11NioProtocol - [log,173] - Initializing ProtocolHandler ["http-nio-8080"]
15:09:20.868 [restartedMain] INFO  o.a.c.c.StandardService - [log,173] - Starting service [Tomcat]
15:09:20.868 [restartedMain] INFO  o.a.c.c.StandardEngine - [log,173] - Starting Servlet engine: [Apache Tomcat/9.0.36]
15:09:21.109 [restartedMain] INFO  o.a.c.c.C.[.[.[/] - [log,173] - Initializing Spring embedded WebApplicationContext
15:09:22.545 [restartedMain] INFO  c.a.d.s.b.a.DruidDataSourceAutoConfigure - [dataSource,56] - Init DruidDataSource
15:09:23.037 [restartedMain] INFO  c.a.d.p.DruidDataSource - [init,1003] - {dataSource-1} inited
15:09:26.040 [restartedMain] INFO  o.a.c.h.Http11NioProtocol - [log,173] - Starting ProtocolHandler ["http-nio-8080"]
15:09:26.202 [restartedMain] INFO  c.z.AsuleController - [logStarted,61] - Started AsuleController in 11.027 seconds (JVM running for 14.231)
15:09:34.579 [http-nio-8080-exec-1] INFO  o.a.c.c.C.[.[.[/] - [log,173] - Initializing Spring DispatcherServlet 'dispatcherServlet'
15:20:01.606 [restartedMain] INFO  c.z.AsuleController - [logStarting,55] - Starting AsuleController on JLQNXWUW2GTD0WI with PID 9132 (E:\ideaProject\asule0810\ausle-admin\target\classes started by Administrator in E:\ideaProject\asule0810)
15:20:01.644 [restartedMain] INFO  c.z.AsuleController - [logStartupProfileInfo,655] - The following profiles are active: dev
15:20:09.476 [restartedMain] INFO  o.a.c.h.Http11NioProtocol - [log,173] - Initializing ProtocolHandler ["http-nio-8080"]
15:20:09.478 [restartedMain] INFO  o.a.c.c.StandardService - [log,173] - Starting service [Tomcat]
15:20:09.479 [restartedMain] INFO  o.a.c.c.StandardEngine - [log,173] - Starting Servlet engine: [Apache Tomcat/9.0.36]
15:20:09.989 [restartedMain] INFO  o.a.c.c.C.[.[.[/] - [log,173] - Initializing Spring embedded WebApplicationContext
15:20:13.277 [restartedMain] INFO  c.a.d.s.b.a.DruidDataSourceAutoConfigure - [dataSource,56] - Init DruidDataSource
15:20:14.500 [restartedMain] INFO  c.a.d.p.DruidDataSource - [init,1003] - {dataSource-1} inited
15:20:29.628 [restartedMain] INFO  o.a.c.h.Http11NioProtocol - [log,173] - Starting ProtocolHandler ["http-nio-8080"]
15:20:29.882 [restartedMain] INFO  c.z.AsuleController - [logStarted,61] - Started AsuleController in 29.272 seconds (JVM running for 31.631)
15:20:55.987 [http-nio-8080-exec-1] INFO  o.a.c.c.C.[.[.[/] - [log,173] - Initializing Spring DispatcherServlet 'dispatcherServlet'
15:21:27.099 [restartedMain] INFO  c.z.AsuleController - [logStarting,55] - Starting AsuleController on JLQNXWUW2GTD0WI with PID 13908 (E:\ideaProject\asule0810\ausle-admin\target\classes started by Administrator in E:\ideaProject\asule0810)
15:21:27.105 [restartedMain] INFO  c.z.AsuleController - [logStartupProfileInfo,655] - The following profiles are active: dev
15:21:29.488 [restartedMain] INFO  o.a.c.h.Http11NioProtocol - [log,173] - Initializing ProtocolHandler ["http-nio-8080"]
15:21:29.489 [restartedMain] INFO  o.a.c.c.StandardService - [log,173] - Starting service [Tomcat]
15:21:29.489 [restartedMain] INFO  o.a.c.c.StandardEngine - [log,173] - Starting Servlet engine: [Apache Tomcat/9.0.36]
15:21:29.622 [restartedMain] INFO  o.a.c.c.C.[.[.[/] - [log,173] - Initializing Spring embedded WebApplicationContext
15:21:30.977 [restartedMain] INFO  c.a.d.s.b.a.DruidDataSourceAutoConfigure - [dataSource,56] - Init DruidDataSource
15:21:31.263 [restartedMain] INFO  c.a.d.p.DruidDataSource - [init,1003] - {dataSource-1} inited
15:21:33.362 [restartedMain] INFO  o.a.c.h.Http11NioProtocol - [log,173] - Starting ProtocolHandler ["http-nio-8080"]
15:21:33.416 [restartedMain] INFO  c.z.AsuleController - [logStarted,61] - Started AsuleController in 7.213 seconds (JVM running for 10.526)
15:21:35.371 [http-nio-8080-exec-1] INFO  o.a.c.c.C.[.[.[/] - [log,173] - Initializing Spring DispatcherServlet 'dispatcherServlet'
15:25:38.575 [restartedMain] INFO  c.z.AsuleController - [logStarting,55] - Starting AsuleController on JLQNXWUW2GTD0WI with PID 7904 (E:\ideaProject\asule0810\ausle-admin\target\classes started by Administrator in E:\ideaProject\asule0810)
15:25:38.582 [restartedMain] INFO  c.z.AsuleController - [logStartupProfileInfo,655] - The following profiles are active: dev
15:25:42.173 [restartedMain] INFO  o.a.c.h.Http11NioProtocol - [log,173] - Initializing ProtocolHandler ["http-nio-8080"]
15:25:42.174 [restartedMain] INFO  o.a.c.c.StandardService - [log,173] - Starting service [Tomcat]
15:25:42.174 [restartedMain] INFO  o.a.c.c.StandardEngine - [log,173] - Starting Servlet engine: [Apache Tomcat/9.0.36]
15:25:42.377 [restartedMain] INFO  o.a.c.c.C.[.[.[/] - [log,173] - Initializing Spring embedded WebApplicationContext
15:25:44.192 [restartedMain] INFO  c.a.d.s.b.a.DruidDataSourceAutoConfigure - [dataSource,56] - Init DruidDataSource
15:25:45.100 [restartedMain] INFO  c.a.d.p.DruidDataSource - [init,1003] - {dataSource-1} inited
15:25:49.850 [restartedMain] INFO  o.a.c.h.Http11NioProtocol - [log,173] - Starting ProtocolHandler ["http-nio-8080"]
15:25:49.982 [restartedMain] INFO  c.z.AsuleController - [logStarted,61] - Started AsuleController in 12.281 seconds (JVM running for 14.702)
15:26:06.489 [http-nio-8080-exec-1] INFO  o.a.c.c.C.[.[.[/] - [log,173] - Initializing Spring DispatcherServlet 'dispatcherServlet'
15:27:17.361 [restartedMain] INFO  c.z.AsuleController - [logStarting,55] - Starting AsuleController on JLQNXWUW2GTD0WI with PID 3428 (E:\ideaProject\asule0810\ausle-admin\target\classes started by Administrator in E:\ideaProject\asule0810)
15:27:17.367 [restartedMain] INFO  c.z.AsuleController - [logStartupProfileInfo,655] - The following profiles are active: dev
15:27:19.970 [restartedMain] INFO  o.a.c.h.Http11NioProtocol - [log,173] - Initializing ProtocolHandler ["http-nio-8080"]
15:27:19.972 [restartedMain] INFO  o.a.c.c.StandardService - [log,173] - Starting service [Tomcat]
15:27:19.972 [restartedMain] INFO  o.a.c.c.StandardEngine - [log,173] - Starting Servlet engine: [Apache Tomcat/9.0.36]
15:27:20.151 [restartedMain] INFO  o.a.c.c.C.[.[.[/] - [log,173] - Initializing Spring embedded WebApplicationContext
15:27:20.971 [restartedMain] INFO  c.a.d.s.b.a.DruidDataSourceAutoConfigure - [dataSource,56] - Init DruidDataSource
15:27:21.335 [restartedMain] INFO  c.a.d.p.DruidDataSource - [init,1003] - {dataSource-1} inited
15:27:22.345 [restartedMain] INFO  sys-user - [shutdownAsyncManager,32] - ====关闭后台任务任务线程池====
15:27:22.377 [restartedMain] INFO  c.a.d.p.DruidDataSource - [close,1948] - {dataSource-1} closing ...
15:27:22.386 [restartedMain] INFO  c.a.d.p.DruidDataSource - [close,2020] - {dataSource-1} closed
15:27:22.413 [restartedMain] INFO  o.a.c.c.StandardService - [log,173] - Stopping service [Tomcat]
15:27:46.083 [restartedMain] INFO  c.z.AsuleController - [logStarting,55] - Starting AsuleController on JLQNXWUW2GTD0WI with PID 12208 (E:\ideaProject\asule0810\ausle-admin\target\classes started by Administrator in E:\ideaProject\asule0810)
15:27:46.085 [restartedMain] INFO  c.z.AsuleController - [logStartupProfileInfo,655] - The following profiles are active: dev
15:27:47.546 [restartedMain] INFO  o.a.c.h.Http11NioProtocol - [log,173] - Initializing ProtocolHandler ["http-nio-8080"]
15:27:47.546 [restartedMain] INFO  o.a.c.c.StandardService - [log,173] - Starting service [Tomcat]
15:27:47.546 [restartedMain] INFO  o.a.c.c.StandardEngine - [log,173] - Starting Servlet engine: [Apache Tomcat/9.0.36]
15:27:47.641 [restartedMain] INFO  o.a.c.c.C.[.[.[/] - [log,173] - Initializing Spring embedded WebApplicationContext
15:27:48.161 [restartedMain] INFO  c.a.d.s.b.a.DruidDataSourceAutoConfigure - [dataSource,56] - Init DruidDataSource
15:27:48.343 [restartedMain] INFO  c.a.d.p.DruidDataSource - [init,1003] - {dataSource-1} inited
15:27:49.582 [restartedMain] INFO  o.a.c.h.Http11NioProtocol - [log,173] - Starting ProtocolHandler ["http-nio-8080"]
15:27:49.633 [restartedMain] INFO  c.z.AsuleController - [logStarted,61] - Started AsuleController in 3.932 seconds (JVM running for 5.454)
15:27:55.848 [http-nio-8080-exec-1] INFO  o.a.c.c.C.[.[.[/] - [log,173] - Initializing Spring DispatcherServlet 'dispatcherServlet'
15:29:35.946 [restartedMain] INFO  c.z.AsuleController - [logStarting,55] - Starting AsuleController on JLQNXWUW2GTD0WI with PID 7708 (E:\ideaProject\asule0810\ausle-admin\target\classes started by Administrator in E:\ideaProject\asule0810)
15:29:35.950 [restartedMain] INFO  c.z.AsuleController - [logStartupProfileInfo,655] - The following profiles are active: dev
15:29:38.399 [restartedMain] INFO  o.a.c.h.Http11NioProtocol - [log,173] - Initializing ProtocolHandler ["http-nio-8080"]
15:29:38.399 [restartedMain] INFO  o.a.c.c.StandardService - [log,173] - Starting service [Tomcat]
15:29:38.400 [restartedMain] INFO  o.a.c.c.StandardEngine - [log,173] - Starting Servlet engine: [Apache Tomcat/9.0.36]
15:29:38.528 [restartedMain] INFO  o.a.c.c.C.[.[.[/] - [log,173] - Initializing Spring embedded WebApplicationContext
15:29:39.120 [restartedMain] INFO  c.a.d.s.b.a.DruidDataSourceAutoConfigure - [dataSource,56] - Init DruidDataSource
15:29:39.395 [restartedMain] INFO  c.a.d.p.DruidDataSource - [init,1003] - {dataSource-1} inited
15:29:40.624 [restartedMain] INFO  o.a.c.h.Http11NioProtocol - [log,173] - Starting ProtocolHandler ["http-nio-8080"]
15:29:40.673 [restartedMain] INFO  c.z.AsuleController - [logStarted,61] - Started AsuleController in 5.104 seconds (JVM running for 6.737)
15:29:49.044 [http-nio-8080-exec-2] INFO  o.a.c.c.C.[.[.[/] - [log,173] - Initializing Spring DispatcherServlet 'dispatcherServlet'
15:33:08.819 [restartedMain] INFO  c.z.AsuleController - [logStarting,55] - Starting AsuleController on JLQNXWUW2GTD0WI with PID 7768 (E:\ideaProject\asule0810\ausle-admin\target\classes started by Administrator in E:\ideaProject\asule0810)
15:33:08.837 [restartedMain] INFO  c.z.AsuleController - [logStartupProfileInfo,655] - The following profiles are active: dev
15:33:12.592 [restartedMain] INFO  o.a.c.h.Http11NioProtocol - [log,173] - Initializing ProtocolHandler ["http-nio-8080"]
15:33:12.594 [restartedMain] INFO  o.a.c.c.StandardService - [log,173] - Starting service [Tomcat]
15:33:12.594 [restartedMain] INFO  o.a.c.c.StandardEngine - [log,173] - Starting Servlet engine: [Apache Tomcat/9.0.36]
15:33:12.739 [restartedMain] INFO  o.a.c.c.C.[.[.[/] - [log,173] - Initializing Spring embedded WebApplicationContext
15:33:14.107 [restartedMain] INFO  c.a.d.s.b.a.DruidDataSourceAutoConfigure - [dataSource,56] - Init DruidDataSource
15:33:14.874 [restartedMain] INFO  c.a.d.p.DruidDataSource - [init,1003] - {dataSource-1} inited
15:33:17.618 [restartedMain] INFO  o.a.c.h.Http11NioProtocol - [log,173] - Starting ProtocolHandler ["http-nio-8080"]
15:33:17.723 [restartedMain] INFO  c.z.AsuleController - [logStarted,61] - Started AsuleController in 9.484 seconds (JVM running for 11.279)
15:33:36.610 [restartedMain] INFO  c.z.AsuleController - [logStarting,55] - Starting AsuleController on JLQNXWUW2GTD0WI with PID 3920 (E:\ideaProject\asule0810\ausle-admin\target\classes started by Administrator in E:\ideaProject\asule0810)
15:33:36.620 [restartedMain] INFO  c.z.AsuleController - [logStartupProfileInfo,655] - The following profiles are active: dev
15:33:39.047 [restartedMain] INFO  o.a.c.h.Http11NioProtocol - [log,173] - Initializing ProtocolHandler ["http-nio-8080"]
15:33:39.048 [restartedMain] INFO  o.a.c.c.StandardService - [log,173] - Starting service [Tomcat]
15:33:39.048 [restartedMain] INFO  o.a.c.c.StandardEngine - [log,173] - Starting Servlet engine: [Apache Tomcat/9.0.36]
15:33:39.163 [restartedMain] INFO  o.a.c.c.C.[.[.[/] - [log,173] - Initializing Spring embedded WebApplicationContext
15:33:39.824 [restartedMain] INFO  c.a.d.s.b.a.DruidDataSourceAutoConfigure - [dataSource,56] - Init DruidDataSource
15:33:40.404 [restartedMain] INFO  c.a.d.p.DruidDataSource - [init,1003] - {dataSource-1} inited
15:33:41.925 [restartedMain] INFO  o.a.c.h.Http11NioProtocol - [log,173] - Starting ProtocolHandler ["http-nio-8080"]
15:33:42.035 [restartedMain] INFO  c.z.AsuleController - [logStarted,61] - Started AsuleController in 6.054 seconds (JVM running for 8.268)
15:33:53.974 [http-nio-8080-exec-1] INFO  o.a.c.c.C.[.[.[/] - [log,173] - Initializing Spring DispatcherServlet 'dispatcherServlet'
15:34:14.830 [restartedMain] INFO  c.z.AsuleController - [logStarting,55] - Starting AsuleController on JLQNXWUW2GTD0WI with PID 5524 (E:\ideaProject\asule0810\ausle-admin\target\classes started by Administrator in E:\ideaProject\asule0810)
15:34:14.843 [restartedMain] INFO  c.z.AsuleController - [logStartupProfileInfo,655] - The following profiles are active: dev
15:34:16.754 [restartedMain] INFO  o.a.c.h.Http11NioProtocol - [log,173] - Initializing ProtocolHandler ["http-nio-8080"]
15:34:16.754 [restartedMain] INFO  o.a.c.c.StandardService - [log,173] - Starting service [Tomcat]
15:34:16.755 [restartedMain] INFO  o.a.c.c.StandardEngine - [log,173] - Starting Servlet engine: [Apache Tomcat/9.0.36]
15:34:16.893 [restartedMain] INFO  o.a.c.c.C.[.[.[/] - [log,173] - Initializing Spring embedded WebApplicationContext
15:34:17.475 [restartedMain] INFO  c.a.d.s.b.a.DruidDataSourceAutoConfigure - [dataSource,56] - Init DruidDataSource
15:34:17.738 [restartedMain] INFO  c.a.d.p.DruidDataSource - [init,1003] - {dataSource-1} inited
15:34:19.396 [restartedMain] INFO  o.a.c.h.Http11NioProtocol - [log,173] - Starting ProtocolHandler ["http-nio-8080"]
15:34:19.500 [restartedMain] INFO  c.z.AsuleController - [logStarted,61] - Started AsuleController in 5.208 seconds (JVM running for 7.187)
15:34:45.719 [http-nio-8080-exec-2] INFO  o.a.c.c.C.[.[.[/] - [log,173] - Initializing Spring DispatcherServlet 'dispatcherServlet'
15:35:22.298 [restartedMain] INFO  c.z.AsuleController - [logStarting,55] - Starting AsuleController on JLQNXWUW2GTD0WI with PID 6792 (E:\ideaProject\asule0810\ausle-admin\target\classes started by Administrator in E:\ideaProject\asule0810)
15:35:22.305 [restartedMain] INFO  c.z.AsuleController - [logStartupProfileInfo,655] - The following profiles are active: dev
15:35:24.964 [restartedMain] INFO  o.a.c.h.Http11NioProtocol - [log,173] - Initializing ProtocolHandler ["http-nio-8080"]
15:35:24.965 [restartedMain] INFO  o.a.c.c.StandardService - [log,173] - Starting service [Tomcat]
15:35:24.966 [restartedMain] INFO  o.a.c.c.StandardEngine - [log,173] - Starting Servlet engine: [Apache Tomcat/9.0.36]
15:35:25.105 [restartedMain] INFO  o.a.c.c.C.[.[.[/] - [log,173] - Initializing Spring embedded WebApplicationContext
15:35:25.776 [restartedMain] INFO  c.a.d.s.b.a.DruidDataSourceAutoConfigure - [dataSource,56] - Init DruidDataSource
15:35:26.116 [restartedMain] INFO  c.a.d.p.DruidDataSource - [init,1003] - {dataSource-1} inited
15:35:27.686 [restartedMain] INFO  o.a.c.h.Http11NioProtocol - [log,173] - Starting ProtocolHandler ["http-nio-8080"]
15:35:27.736 [restartedMain] INFO  c.z.AsuleController - [logStarted,61] - Started AsuleController in 6.313 seconds (JVM running for 8.422)
15:35:51.021 [http-nio-8080-exec-1] INFO  o.a.c.c.C.[.[.[/] - [log,173] - Initializing Spring DispatcherServlet 'dispatcherServlet'
15:36:42.408 [restartedMain] INFO  c.z.AsuleController - [logStarting,55] - Starting AsuleController on JLQNXWUW2GTD0WI with PID 3864 (E:\ideaProject\asule0810\ausle-admin\target\classes started by Administrator in E:\ideaProject\asule0810)
15:36:42.417 [restartedMain] INFO  c.z.AsuleController - [logStartupProfileInfo,655] - The following profiles are active: dev
15:36:44.526 [restartedMain] INFO  o.a.c.h.Http11NioProtocol - [log,173] - Initializing ProtocolHandler ["http-nio-8080"]
15:36:44.526 [restartedMain] INFO  o.a.c.c.StandardService - [log,173] - Starting service [Tomcat]
15:36:44.527 [restartedMain] INFO  o.a.c.c.StandardEngine - [log,173] - Starting Servlet engine: [Apache Tomcat/9.0.36]
15:36:44.638 [restartedMain] INFO  o.a.c.c.C.[.[.[/] - [log,173] - Initializing Spring embedded WebApplicationContext
15:36:45.220 [restartedMain] INFO  c.a.d.s.b.a.DruidDataSourceAutoConfigure - [dataSource,56] - Init DruidDataSource
15:36:45.492 [restartedMain] INFO  c.a.d.p.DruidDataSource - [init,1003] - {dataSource-1} inited
15:36:46.773 [restartedMain] INFO  o.a.c.h.Http11NioProtocol - [log,173] - Starting ProtocolHandler ["http-nio-8080"]
15:36:46.825 [restartedMain] INFO  c.z.AsuleController - [logStarted,61] - Started AsuleController in 5.032 seconds (JVM running for 7.162)
15:36:51.446 [http-nio-8080-exec-1] INFO  o.a.c.c.C.[.[.[/] - [log,173] - Initializing Spring DispatcherServlet 'dispatcherServlet'
15:37:51.112 [restartedMain] INFO  c.z.AsuleController - [logStarting,55] - Starting AsuleController on JLQNXWUW2GTD0WI with PID 10392 (E:\ideaProject\asule0810\ausle-admin\target\classes started by Administrator in E:\ideaProject\asule0810)
15:37:51.114 [restartedMain] INFO  c.z.AsuleController - [logStartupProfileInfo,655] - The following profiles are active: dev
15:37:52.558 [restartedMain] INFO  o.a.c.h.Http11NioProtocol - [log,173] - Initializing ProtocolHandler ["http-nio-8080"]
15:37:52.558 [restartedMain] INFO  o.a.c.c.StandardService - [log,173] - Starting service [Tomcat]
15:37:52.559 [restartedMain] INFO  o.a.c.c.StandardEngine - [log,173] - Starting Servlet engine: [Apache Tomcat/9.0.36]
15:37:52.653 [restartedMain] INFO  o.a.c.c.C.[.[.[/] - [log,173] - Initializing Spring embedded WebApplicationContext
15:37:53.203 [restartedMain] INFO  c.a.d.s.b.a.DruidDataSourceAutoConfigure - [dataSource,56] - Init DruidDataSource
15:37:53.438 [restartedMain] INFO  c.a.d.p.DruidDataSource - [init,1003] - {dataSource-1} inited
15:37:54.672 [restartedMain] INFO  o.a.c.h.Http11NioProtocol - [log,173] - Starting ProtocolHandler ["http-nio-8080"]
15:37:54.722 [restartedMain] INFO  c.z.AsuleController - [logStarted,61] - Started AsuleController in 4.199 seconds (JVM running for 5.828)
15:43:52.352 [restartedMain] INFO  c.z.AsuleController - [logStarting,55] - Starting AsuleController on JLQNXWUW2GTD0WI with PID 5496 (E:\ideaProject\asule0810\ausle-admin\target\classes started by Administrator in E:\ideaProject\asule0810)
15:43:52.360 [restartedMain] INFO  c.z.AsuleController - [logStartupProfileInfo,655] - The following profiles are active: dev
15:43:55.562 [restartedMain] INFO  o.a.c.h.Http11NioProtocol - [log,173] - Initializing ProtocolHandler ["http-nio-8080"]
15:43:55.563 [restartedMain] INFO  o.a.c.c.StandardService - [log,173] - Starting service [Tomcat]
15:43:55.563 [restartedMain] INFO  o.a.c.c.StandardEngine - [log,173] - Starting Servlet engine: [Apache Tomcat/9.0.36]
15:43:55.888 [restartedMain] INFO  o.a.c.c.C.[.[.[/] - [log,173] - Initializing Spring embedded WebApplicationContext
15:43:57.017 [restartedMain] INFO  c.a.d.s.b.a.DruidDataSourceAutoConfigure - [dataSource,56] - Init DruidDataSource
15:43:57.541 [restartedMain] INFO  c.a.d.p.DruidDataSource - [init,1003] - {dataSource-1} inited
15:44:00.828 [restartedMain] INFO  o.a.c.h.Http11NioProtocol - [log,173] - Starting ProtocolHandler ["http-nio-8080"]
15:44:00.967 [restartedMain] INFO  c.z.AsuleController - [logStarted,61] - Started AsuleController in 9.252 seconds (JVM running for 11.703)
15:44:14.297 [http-nio-8080-exec-1] INFO  o.a.c.c.C.[.[.[/] - [log,173] - Initializing Spring DispatcherServlet 'dispatcherServlet'
15:49:09.947 [restartedMain] INFO  c.z.AsuleController - [logStarting,55] - Starting AsuleController on JLQNXWUW2GTD0WI with PID 11596 (E:\ideaProject\asule0810\ausle-admin\target\classes started by Administrator in E:\ideaProject\asule0810)
15:49:09.975 [restartedMain] INFO  c.z.AsuleController - [logStartupProfileInfo,655] - The following profiles are active: dev
15:49:33.151 [restartedMain] INFO  o.a.c.h.Http11NioProtocol - [log,173] - Initializing ProtocolHandler ["http-nio-8080"]
15:49:33.194 [restartedMain] INFO  o.a.c.c.StandardService - [log,173] - Starting service [Tomcat]
15:49:33.194 [restartedMain] INFO  o.a.c.c.StandardEngine - [log,173] - Starting Servlet engine: [Apache Tomcat/9.0.36]
15:49:33.656 [restartedMain] INFO  o.a.c.c.C.[.[.[/] - [log,173] - Initializing Spring embedded WebApplicationContext
15:49:35.427 [restartedMain] INFO  c.a.d.s.b.a.DruidDataSourceAutoConfigure - [dataSource,56] - Init DruidDataSource
15:49:35.965 [restartedMain] INFO  c.a.d.p.DruidDataSource - [init,1003] - {dataSource-1} inited
15:49:38.059 [restartedMain] INFO  o.a.c.h.Http11NioProtocol - [log,173] - Starting ProtocolHandler ["http-nio-8080"]
15:49:38.173 [restartedMain] INFO  c.z.AsuleController - [logStarted,61] - Started AsuleController in 29.828 seconds (JVM running for 32.785)
15:49:44.035 [http-nio-8080-exec-1] INFO  o.a.c.c.C.[.[.[/] - [log,173] - Initializing Spring DispatcherServlet 'dispatcherServlet'
15:50:25.946 [restartedMain] INFO  c.z.AsuleController - [logStarting,55] - Starting AsuleController on JLQNXWUW2GTD0WI with PID 12312 (E:\ideaProject\asule0810\ausle-admin\target\classes started by Administrator in E:\ideaProject\asule0810)
15:50:25.952 [restartedMain] INFO  c.z.AsuleController - [logStartupProfileInfo,655] - The following profiles are active: dev
15:50:28.083 [restartedMain] INFO  o.a.c.h.Http11NioProtocol - [log,173] - Initializing ProtocolHandler ["http-nio-8080"]
15:50:28.084 [restartedMain] INFO  o.a.c.c.StandardService - [log,173] - Starting service [Tomcat]
15:50:28.084 [restartedMain] INFO  o.a.c.c.StandardEngine - [log,173] - Starting Servlet engine: [Apache Tomcat/9.0.36]
15:50:28.213 [restartedMain] INFO  o.a.c.c.C.[.[.[/] - [log,173] - Initializing Spring embedded WebApplicationContext
15:50:28.859 [restartedMain] INFO  c.a.d.s.b.a.DruidDataSourceAutoConfigure - [dataSource,56] - Init DruidDataSource
15:50:29.167 [restartedMain] INFO  c.a.d.p.DruidDataSource - [init,1003] - {dataSource-1} inited
15:50:30.643 [restartedMain] INFO  o.a.c.h.Http11NioProtocol - [log,173] - Starting ProtocolHandler ["http-nio-8080"]
15:50:30.700 [restartedMain] INFO  c.z.AsuleController - [logStarted,61] - Started AsuleController in 5.787 seconds (JVM running for 8.201)
15:50:34.647 [http-nio-8080-exec-1] INFO  o.a.c.c.C.[.[.[/] - [log,173] - Initializing Spring DispatcherServlet 'dispatcherServlet'
16:10:17.402 [restartedMain] INFO  c.z.AsuleController - [logStarting,55] - Starting AsuleController on JLQNXWUW2GTD0WI with PID 12172 (E:\ideaProject\asule0810\ausle-admin\target\classes started by Administrator in E:\ideaProject\asule0810)
16:10:17.418 [restartedMain] INFO  c.z.AsuleController - [logStartupProfileInfo,655] - The following profiles are active: dev
16:10:38.431 [restartedMain] INFO  o.a.c.h.Http11NioProtocol - [log,173] - Initializing ProtocolHandler ["http-nio-8080"]
16:10:38.432 [restartedMain] INFO  o.a.c.c.StandardService - [log,173] - Starting service [Tomcat]
16:10:38.432 [restartedMain] INFO  o.a.c.c.StandardEngine - [log,173] - Starting Servlet engine: [Apache Tomcat/9.0.36]
16:10:39.012 [restartedMain] INFO  o.a.c.c.C.[.[.[/] - [log,173] - Initializing Spring embedded WebApplicationContext
16:10:39.981 [restartedMain] INFO  c.a.d.s.b.a.DruidDataSourceAutoConfigure - [dataSource,56] - Init DruidDataSource
16:10:40.480 [restartedMain] INFO  c.a.d.p.DruidDataSource - [init,1003] - {dataSource-1} inited
16:10:42.527 [restartedMain] INFO  o.a.c.h.Http11NioProtocol - [log,173] - Starting ProtocolHandler ["http-nio-8080"]
16:10:42.673 [restartedMain] INFO  c.z.AsuleController - [logStarted,61] - Started AsuleController in 29.631 seconds (JVM running for 32.56)
16:10:51.347 [http-nio-8080-exec-3] INFO  o.a.c.c.C.[.[.[/] - [log,173] - Initializing Spring DispatcherServlet 'dispatcherServlet'
16:13:48.355 [restartedMain] INFO  c.z.AsuleController - [logStarting,55] - Starting AsuleController on JLQNXWUW2GTD0WI with PID 13656 (E:\ideaProject\asule0810\ausle-admin\target\classes started by Administrator in E:\ideaProject\asule0810)
16:13:48.361 [restartedMain] INFO  c.z.AsuleController - [logStartupProfileInfo,655] - The following profiles are active: dev
16:13:50.513 [restartedMain] INFO  o.a.c.h.Http11NioProtocol - [log,173] - Initializing ProtocolHandler ["http-nio-8080"]
16:13:50.513 [restartedMain] INFO  o.a.c.c.StandardService - [log,173] - Starting service [Tomcat]
16:13:50.514 [restartedMain] INFO  o.a.c.c.StandardEngine - [log,173] - Starting Servlet engine: [Apache Tomcat/9.0.36]
16:13:50.701 [restartedMain] INFO  o.a.c.c.C.[.[.[/] - [log,173] - Initializing Spring embedded WebApplicationContext
16:13:51.393 [restartedMain] INFO  c.a.d.s.b.a.DruidDataSourceAutoConfigure - [dataSource,56] - Init DruidDataSource
16:13:51.664 [restartedMain] INFO  c.a.d.p.DruidDataSource - [init,1003] - {dataSource-1} inited
16:13:53.831 [restartedMain] INFO  o.a.c.h.Http11NioProtocol - [log,173] - Starting ProtocolHandler ["http-nio-8080"]
16:13:53.927 [restartedMain] INFO  c.z.AsuleController - [logStarted,61] - Started AsuleController in 6.211 seconds (JVM running for 8.41)
16:13:56.837 [http-nio-8080-exec-2] INFO  o.a.c.c.C.[.[.[/] - [log,173] - Initializing Spring DispatcherServlet 'dispatcherServlet'
16:14:51.846 [restartedMain] INFO  c.z.AsuleController - [logStarting,55] - Starting AsuleController on JLQNXWUW2GTD0WI with PID 12204 (E:\ideaProject\asule0810\ausle-admin\target\classes started by Administrator in E:\ideaProject\asule0810)
16:14:51.857 [restartedMain] INFO  c.z.AsuleController - [logStartupProfileInfo,655] - The following profiles are active: dev
16:14:54.166 [restartedMain] INFO  o.a.c.h.Http11NioProtocol - [log,173] - Initializing ProtocolHandler ["http-nio-8080"]
16:14:54.167 [restartedMain] INFO  o.a.c.c.StandardService - [log,173] - Starting service [Tomcat]
16:14:54.167 [restartedMain] INFO  o.a.c.c.StandardEngine - [log,173] - Starting Servlet engine: [Apache Tomcat/9.0.36]
16:14:54.281 [restartedMain] INFO  o.a.c.c.C.[.[.[/] - [log,173] - Initializing Spring embedded WebApplicationContext
16:14:55.049 [restartedMain] INFO  c.a.d.s.b.a.DruidDataSourceAutoConfigure - [dataSource,56] - Init DruidDataSource
16:14:55.319 [restartedMain] INFO  c.a.d.p.DruidDataSource - [init,1003] - {dataSource-1} inited
16:14:57.045 [restartedMain] INFO  o.a.c.h.Http11NioProtocol - [log,173] - Starting ProtocolHandler ["http-nio-8080"]
16:14:57.142 [restartedMain] INFO  c.z.AsuleController - [logStarted,61] - Started AsuleController in 5.86 seconds (JVM running for 8.106)
16:14:59.770 [http-nio-8080-exec-1] INFO  o.a.c.c.C.[.[.[/] - [log,173] - Initializing Spring DispatcherServlet 'dispatcherServlet'
16:15:59.469 [restartedMain] INFO  c.z.AsuleController - [logStarting,55] - Starting AsuleController on JLQNXWUW2GTD0WI with PID 10324 (E:\ideaProject\asule0810\ausle-admin\target\classes started by Administrator in E:\ideaProject\asule0810)
16:15:59.478 [restartedMain] INFO  c.z.AsuleController - [logStartupProfileInfo,655] - The following profiles are active: dev
16:16:01.446 [restartedMain] INFO  o.a.c.h.Http11NioProtocol - [log,173] - Initializing ProtocolHandler ["http-nio-8080"]
16:16:01.447 [restartedMain] INFO  o.a.c.c.StandardService - [log,173] - Starting service [Tomcat]
16:16:01.447 [restartedMain] INFO  o.a.c.c.StandardEngine - [log,173] - Starting Servlet engine: [Apache Tomcat/9.0.36]
16:16:01.567 [restartedMain] INFO  o.a.c.c.C.[.[.[/] - [log,173] - Initializing Spring embedded WebApplicationContext
16:16:02.161 [restartedMain] INFO  c.a.d.s.b.a.DruidDataSourceAutoConfigure - [dataSource,56] - Init DruidDataSource
16:16:02.409 [restartedMain] INFO  c.a.d.p.DruidDataSource - [init,1003] - {dataSource-1} inited
16:16:03.819 [restartedMain] INFO  o.a.c.h.Http11NioProtocol - [log,173] - Starting ProtocolHandler ["http-nio-8080"]
16:16:03.867 [restartedMain] INFO  c.z.AsuleController - [logStarted,61] - Started AsuleController in 5.333 seconds (JVM running for 7.086)
16:16:12.528 [http-nio-8080-exec-1] INFO  o.a.c.c.C.[.[.[/] - [log,173] - Initializing Spring DispatcherServlet 'dispatcherServlet'
16:17:04.303 [restartedMain] INFO  c.z.AsuleController - [logStarting,55] - Starting AsuleController on JLQNXWUW2GTD0WI with PID 7460 (E:\ideaProject\asule0810\ausle-admin\target\classes started by Administrator in E:\ideaProject\asule0810)
16:17:04.308 [restartedMain] INFO  c.z.AsuleController - [logStartupProfileInfo,655] - The following profiles are active: dev
16:17:06.547 [restartedMain] INFO  o.a.c.h.Http11NioProtocol - [log,173] - Initializing ProtocolHandler ["http-nio-8080"]
16:17:06.548 [restartedMain] INFO  o.a.c.c.StandardService - [log,173] - Starting service [Tomcat]
16:17:06.548 [restartedMain] INFO  o.a.c.c.StandardEngine - [log,173] - Starting Servlet engine: [Apache Tomcat/9.0.36]
16:17:06.670 [restartedMain] INFO  o.a.c.c.C.[.[.[/] - [log,173] - Initializing Spring embedded WebApplicationContext
16:17:07.277 [restartedMain] INFO  c.a.d.s.b.a.DruidDataSourceAutoConfigure - [dataSource,56] - Init DruidDataSource
16:17:07.573 [restartedMain] INFO  c.a.d.p.DruidDataSource - [init,1003] - {dataSource-1} inited
16:17:08.869 [restartedMain] INFO  o.a.c.h.Http11NioProtocol - [log,173] - Starting ProtocolHandler ["http-nio-8080"]
16:17:08.912 [restartedMain] INFO  c.z.AsuleController - [logStarted,61] - Started AsuleController in 5.377 seconds (JVM running for 7.259)
16:17:10.754 [http-nio-8080-exec-1] INFO  o.a.c.c.C.[.[.[/] - [log,173] - Initializing Spring DispatcherServlet 'dispatcherServlet'
16:18:06.535 [restartedMain] INFO  c.z.AsuleController - [logStarting,55] - Starting AsuleController on JLQNXWUW2GTD0WI with PID 7896 (E:\ideaProject\asule0810\ausle-admin\target\classes started by Administrator in E:\ideaProject\asule0810)
16:18:06.555 [restartedMain] INFO  c.z.AsuleController - [logStartupProfileInfo,655] - The following profiles are active: dev
16:18:09.549 [restartedMain] INFO  o.a.c.h.Http11NioProtocol - [log,173] - Initializing ProtocolHandler ["http-nio-8080"]
16:18:09.549 [restartedMain] INFO  o.a.c.c.StandardService - [log,173] - Starting service [Tomcat]
16:18:09.550 [restartedMain] INFO  o.a.c.c.StandardEngine - [log,173] - Starting Servlet engine: [Apache Tomcat/9.0.36]
16:18:09.781 [restartedMain] INFO  o.a.c.c.C.[.[.[/] - [log,173] - Initializing Spring embedded WebApplicationContext
16:18:10.842 [restartedMain] INFO  c.a.d.s.b.a.DruidDataSourceAutoConfigure - [dataSource,56] - Init DruidDataSource
16:18:11.210 [restartedMain] INFO  c.a.d.p.DruidDataSource - [init,1003] - {dataSource-1} inited
16:18:14.872 [restartedMain] INFO  o.a.c.h.Http11NioProtocol - [log,173] - Starting ProtocolHandler ["http-nio-8080"]
16:18:14.970 [restartedMain] INFO  c.z.AsuleController - [logStarted,61] - Started AsuleController in 9.274 seconds (JVM running for 11.08)
16:18:16.296 [http-nio-8080-exec-1] INFO  o.a.c.c.C.[.[.[/] - [log,173] - Initializing Spring DispatcherServlet 'dispatcherServlet'
16:23:07.833 [restartedMain] INFO  c.z.AsuleController - [logStarting,55] - Starting AsuleController on JLQNXWUW2GTD0WI with PID 9352 (E:\ideaProject\asule0810\ausle-admin\target\classes started by Administrator in E:\ideaProject\asule0810)
16:23:07.859 [restartedMain] INFO  c.z.AsuleController - [logStartupProfileInfo,655] - The following profiles are active: dev
16:23:13.154 [restartedMain] INFO  o.a.c.h.Http11NioProtocol - [log,173] - Initializing ProtocolHandler ["http-nio-8080"]
16:23:13.155 [restartedMain] INFO  o.a.c.c.StandardService - [log,173] - Starting service [Tomcat]
16:23:13.155 [restartedMain] INFO  o.a.c.c.StandardEngine - [log,173] - Starting Servlet engine: [Apache Tomcat/9.0.36]
16:23:13.374 [restartedMain] INFO  o.a.c.c.C.[.[.[/] - [log,173] - Initializing Spring embedded WebApplicationContext
16:23:14.927 [restartedMain] INFO  c.a.d.s.b.a.DruidDataSourceAutoConfigure - [dataSource,56] - Init DruidDataSource
16:23:15.404 [restartedMain] INFO  c.a.d.p.DruidDataSource - [init,1003] - {dataSource-1} inited
16:23:18.144 [restartedMain] INFO  o.a.c.h.Http11NioProtocol - [log,173] - Starting ProtocolHandler ["http-nio-8080"]
16:23:18.249 [restartedMain] INFO  c.z.AsuleController - [logStarted,61] - Started AsuleController in 11.332 seconds (JVM running for 13.993)
16:23:23.328 [http-nio-8080-exec-1] INFO  o.a.c.c.C.[.[.[/] - [log,173] - Initializing Spring DispatcherServlet 'dispatcherServlet'
16:25:03.563 [restartedMain] INFO  c.z.AsuleController - [logStarting,55] - Starting AsuleController on JLQNXWUW2GTD0WI with PID 13552 (E:\ideaProject\asule0810\ausle-admin\target\classes started by Administrator in E:\ideaProject\asule0810)
16:25:03.572 [restartedMain] INFO  c.z.AsuleController - [logStartupProfileInfo,655] - The following profiles are active: dev
16:25:06.035 [restartedMain] INFO  o.a.c.h.Http11NioProtocol - [log,173] - Initializing ProtocolHandler ["http-nio-8080"]
16:25:06.036 [restartedMain] INFO  o.a.c.c.StandardService - [log,173] - Starting service [Tomcat]
16:25:06.036 [restartedMain] INFO  o.a.c.c.StandardEngine - [log,173] - Starting Servlet engine: [Apache Tomcat/9.0.36]
16:25:06.249 [restartedMain] INFO  o.a.c.c.C.[.[.[/] - [log,173] - Initializing Spring embedded WebApplicationContext
16:25:07.287 [restartedMain] INFO  c.a.d.s.b.a.DruidDataSourceAutoConfigure - [dataSource,56] - Init DruidDataSource
16:25:07.682 [restartedMain] INFO  c.a.d.p.DruidDataSource - [init,1003] - {dataSource-1} inited
16:25:10.214 [restartedMain] INFO  o.a.c.h.Http11NioProtocol - [log,173] - Starting ProtocolHandler ["http-nio-8080"]
16:25:10.315 [restartedMain] INFO  c.z.AsuleController - [logStarted,61] - Started AsuleController in 7.273 seconds (JVM running for 9.806)
16:25:48.264 [http-nio-8080-exec-1] INFO  o.a.c.c.C.[.[.[/] - [log,173] - Initializing Spring DispatcherServlet 'dispatcherServlet'
16:26:51.499 [restartedMain] INFO  c.z.AsuleController - [logStarting,55] - Starting AsuleController on JLQNXWUW2GTD0WI with PID 12216 (E:\ideaProject\asule0810\ausle-admin\target\classes started by Administrator in E:\ideaProject\asule0810)
16:26:51.527 [restartedMain] INFO  c.z.AsuleController - [logStartupProfileInfo,655] - The following profiles are active: dev
16:26:54.280 [restartedMain] INFO  o.a.c.h.Http11NioProtocol - [log,173] - Initializing ProtocolHandler ["http-nio-8080"]
16:26:54.280 [restartedMain] INFO  o.a.c.c.StandardService - [log,173] - Starting service [Tomcat]
16:26:54.280 [restartedMain] INFO  o.a.c.c.StandardEngine - [log,173] - Starting Servlet engine: [Apache Tomcat/9.0.36]
16:26:54.401 [restartedMain] INFO  o.a.c.c.C.[.[.[/] - [log,173] - Initializing Spring embedded WebApplicationContext
16:26:55.153 [restartedMain] INFO  c.a.d.s.b.a.DruidDataSourceAutoConfigure - [dataSource,56] - Init DruidDataSource
16:26:55.502 [restartedMain] INFO  c.a.d.p.DruidDataSource - [init,1003] - {dataSource-1} inited
16:26:57.086 [restartedMain] INFO  o.a.c.h.Http11NioProtocol - [log,173] - Starting ProtocolHandler ["http-nio-8080"]
16:26:57.187 [restartedMain] INFO  c.z.AsuleController - [logStarted,61] - Started AsuleController in 7.124 seconds (JVM running for 9.948)
16:27:00.158 [http-nio-8080-exec-1] INFO  o.a.c.c.C.[.[.[/] - [log,173] - Initializing Spring DispatcherServlet 'dispatcherServlet'
16:29:30.981 [restartedMain] INFO  c.z.AsuleController - [logStarting,55] - Starting AsuleController on JLQNXWUW2GTD0WI with PID 8944 (E:\ideaProject\asule0810\ausle-admin\target\classes started by Administrator in E:\ideaProject\asule0810)
16:29:30.989 [restartedMain] INFO  c.z.AsuleController - [logStartupProfileInfo,655] - The following profiles are active: dev
16:29:32.916 [restartedMain] INFO  o.a.c.h.Http11NioProtocol - [log,173] - Initializing ProtocolHandler ["http-nio-8080"]
16:29:32.916 [restartedMain] INFO  o.a.c.c.StandardService - [log,173] - Starting service [Tomcat]
16:29:32.916 [restartedMain] INFO  o.a.c.c.StandardEngine - [log,173] - Starting Servlet engine: [Apache Tomcat/9.0.36]
16:29:33.032 [restartedMain] INFO  o.a.c.c.C.[.[.[/] - [log,173] - Initializing Spring embedded WebApplicationContext
16:29:33.718 [restartedMain] INFO  c.a.d.s.b.a.DruidDataSourceAutoConfigure - [dataSource,56] - Init DruidDataSource
16:29:33.984 [restartedMain] INFO  c.a.d.p.DruidDataSource - [init,1003] - {dataSource-1} inited
16:29:36.101 [restartedMain] INFO  o.a.c.h.Http11NioProtocol - [log,173] - Starting ProtocolHandler ["http-nio-8080"]
16:29:36.239 [restartedMain] INFO  c.z.AsuleController - [logStarted,61] - Started AsuleController in 5.94 seconds (JVM running for 8.187)
16:29:41.318 [http-nio-8080-exec-1] INFO  o.a.c.c.C.[.[.[/] - [log,173] - Initializing Spring DispatcherServlet 'dispatcherServlet'
16:35:17.523 [restartedMain] INFO  c.z.AsuleController - [logStarting,55] - Starting AsuleController on JLQNXWUW2GTD0WI with PID 13260 (E:\ideaProject\asule0810\ausle-admin\target\classes started by Administrator in E:\ideaProject\asule0810)
16:35:17.543 [restartedMain] INFO  c.z.AsuleController - [logStartupProfileInfo,655] - The following profiles are active: dev
16:35:20.807 [restartedMain] INFO  o.a.c.h.Http11NioProtocol - [log,173] - Initializing ProtocolHandler ["http-nio-8080"]
16:35:20.808 [restartedMain] INFO  o.a.c.c.StandardService - [log,173] - Starting service [Tomcat]
16:35:20.809 [restartedMain] INFO  o.a.c.c.StandardEngine - [log,173] - Starting Servlet engine: [Apache Tomcat/9.0.36]
16:35:21.013 [restartedMain] INFO  o.a.c.c.C.[.[.[/] - [log,173] - Initializing Spring embedded WebApplicationContext
16:35:21.873 [restartedMain] INFO  c.a.d.s.b.a.DruidDataSourceAutoConfigure - [dataSource,56] - Init DruidDataSource
16:35:22.422 [restartedMain] INFO  c.a.d.p.DruidDataSource - [init,1003] - {dataSource-1} inited
16:35:25.623 [restartedMain] INFO  o.a.c.h.Http11NioProtocol - [log,173] - Starting ProtocolHandler ["http-nio-8080"]
16:35:25.751 [restartedMain] INFO  c.z.AsuleController - [logStarted,61] - Started AsuleController in 10.4 seconds (JVM running for 13.727)
16:35:30.987 [http-nio-8080-exec-1] INFO  o.a.c.c.C.[.[.[/] - [log,173] - Initializing Spring DispatcherServlet 'dispatcherServlet'
16:41:30.665 [restartedMain] INFO  c.z.AsuleController - [logStarting,55] - Starting AsuleController on JLQNXWUW2GTD0WI with PID 14268 (E:\ideaProject\asule0810\ausle-admin\target\classes started by Administrator in E:\ideaProject\asule0810)
16:41:30.687 [restartedMain] INFO  c.z.AsuleController - [logStartupProfileInfo,655] - The following profiles are active: dev
16:41:39.456 [restartedMain] INFO  o.a.c.h.Http11NioProtocol - [log,173] - Initializing ProtocolHandler ["http-nio-8080"]
16:41:39.477 [restartedMain] INFO  o.a.c.c.StandardService - [log,173] - Starting service [Tomcat]
16:41:39.477 [restartedMain] INFO  o.a.c.c.StandardEngine - [log,173] - Starting Servlet engine: [Apache Tomcat/9.0.36]
16:41:39.743 [restartedMain] INFO  o.a.c.c.C.[.[.[/] - [log,173] - Initializing Spring embedded WebApplicationContext
16:41:41.447 [restartedMain] INFO  c.a.d.s.b.a.DruidDataSourceAutoConfigure - [dataSource,56] - Init DruidDataSource
16:41:42.090 [restartedMain] INFO  c.a.d.p.DruidDataSource - [init,1003] - {dataSource-1} inited
16:41:47.660 [restartedMain] INFO  o.a.c.h.Http11NioProtocol - [log,173] - Starting ProtocolHandler ["http-nio-8080"]
16:41:48.733 [restartedMain] INFO  c.z.AsuleController - [logStarted,61] - Started AsuleController in 19.206 seconds (JVM running for 22.455)
16:42:15.788 [http-nio-8080-exec-1] INFO  o.a.c.c.C.[.[.[/] - [log,173] - Initializing Spring DispatcherServlet 'dispatcherServlet'
16:43:21.746 [restartedMain] INFO  c.z.AsuleController - [logStarting,55] - Starting AsuleController on JLQNXWUW2GTD0WI with PID 11616 (E:\ideaProject\asule0810\ausle-admin\target\classes started by Administrator in E:\ideaProject\asule0810)
16:43:21.757 [restartedMain] INFO  c.z.AsuleController - [logStartupProfileInfo,655] - The following profiles are active: dev
16:43:24.035 [restartedMain] INFO  o.a.c.h.Http11NioProtocol - [log,173] - Initializing ProtocolHandler ["http-nio-8080"]
16:43:24.035 [restartedMain] INFO  o.a.c.c.StandardService - [log,173] - Starting service [Tomcat]
16:43:24.036 [restartedMain] INFO  o.a.c.c.StandardEngine - [log,173] - Starting Servlet engine: [Apache Tomcat/9.0.36]
16:43:24.156 [restartedMain] INFO  o.a.c.c.C.[.[.[/] - [log,173] - Initializing Spring embedded WebApplicationContext
16:43:25.299 [restartedMain] INFO  c.a.d.s.b.a.DruidDataSourceAutoConfigure - [dataSource,56] - Init DruidDataSource
16:43:25.575 [restartedMain] INFO  c.a.d.p.DruidDataSource - [init,1003] - {dataSource-1} inited
16:43:27.151 [restartedMain] INFO  o.a.c.h.Http11NioProtocol - [log,173] - Starting ProtocolHandler ["http-nio-8080"]
16:43:27.245 [restartedMain] INFO  c.z.AsuleController - [logStarted,61] - Started AsuleController in 6.654 seconds (JVM running for 9.208)
16:43:32.399 [http-nio-8080-exec-2] INFO  o.a.c.c.C.[.[.[/] - [log,173] - Initializing Spring DispatcherServlet 'dispatcherServlet'
16:46:02.024 [restartedMain] INFO  c.z.AsuleController - [logStarting,55] - Starting AsuleController on JLQNXWUW2GTD0WI with PID 10860 (E:\ideaProject\asule0810\ausle-admin\target\classes started by Administrator in E:\ideaProject\asule0810)
16:46:02.048 [restartedMain] INFO  c.z.AsuleController - [logStartupProfileInfo,655] - The following profiles are active: dev
16:46:04.198 [restartedMain] INFO  o.a.c.h.Http11NioProtocol - [log,173] - Initializing ProtocolHandler ["http-nio-8080"]
16:46:04.198 [restartedMain] INFO  o.a.c.c.StandardService - [log,173] - Starting service [Tomcat]
16:46:04.199 [restartedMain] INFO  o.a.c.c.StandardEngine - [log,173] - Starting Servlet engine: [Apache Tomcat/9.0.36]
16:46:04.318 [restartedMain] INFO  o.a.c.c.C.[.[.[/] - [log,173] - Initializing Spring embedded WebApplicationContext
16:46:04.919 [restartedMain] INFO  c.a.d.s.b.a.DruidDataSourceAutoConfigure - [dataSource,56] - Init DruidDataSource
16:46:05.201 [restartedMain] INFO  c.a.d.p.DruidDataSource - [init,1003] - {dataSource-1} inited
16:46:06.558 [restartedMain] INFO  o.a.c.h.Http11NioProtocol - [log,173] - Starting ProtocolHandler ["http-nio-8080"]
16:46:06.619 [restartedMain] INFO  c.z.AsuleController - [logStarted,61] - Started AsuleController in 5.168 seconds (JVM running for 7.297)
16:46:11.279 [http-nio-8080-exec-1] INFO  o.a.c.c.C.[.[.[/] - [log,173] - Initializing Spring DispatcherServlet 'dispatcherServlet'
16:47:08.613 [restartedMain] INFO  c.z.AsuleController - [logStarting,55] - Starting AsuleController on JLQNXWUW2GTD0WI with PID 10264 (E:\ideaProject\asule0810\ausle-admin\target\classes started by Administrator in E:\ideaProject\asule0810)
16:47:08.635 [restartedMain] INFO  c.z.AsuleController - [logStartupProfileInfo,655] - The following profiles are active: dev
16:47:11.260 [restartedMain] INFO  o.a.c.h.Http11NioProtocol - [log,173] - Initializing ProtocolHandler ["http-nio-8080"]
16:47:11.261 [restartedMain] INFO  o.a.c.c.StandardService - [log,173] - Starting service [Tomcat]
16:47:11.261 [restartedMain] INFO  o.a.c.c.StandardEngine - [log,173] - Starting Servlet engine: [Apache Tomcat/9.0.36]
16:47:11.401 [restartedMain] INFO  o.a.c.c.C.[.[.[/] - [log,173] - Initializing Spring embedded WebApplicationContext
16:47:12.221 [restartedMain] INFO  c.a.d.s.b.a.DruidDataSourceAutoConfigure - [dataSource,56] - Init DruidDataSource
16:47:12.553 [restartedMain] INFO  c.a.d.p.DruidDataSource - [init,1003] - {dataSource-1} inited
16:47:14.202 [restartedMain] INFO  o.a.c.h.Http11NioProtocol - [log,173] - Starting ProtocolHandler ["http-nio-8080"]
16:47:14.334 [restartedMain] INFO  c.z.AsuleController - [logStarted,61] - Started AsuleController in 6.316 seconds (JVM running for 11.07)
16:47:24.505 [http-nio-8080-exec-1] INFO  o.a.c.c.C.[.[.[/] - [log,173] - Initializing Spring DispatcherServlet 'dispatcherServlet'
16:49:27.803 [restartedMain] INFO  c.z.AsuleController - [logStarting,55] - Starting AsuleController on JLQNXWUW2GTD0WI with PID 12248 (E:\ideaProject\asule0810\ausle-admin\target\classes started by Administrator in E:\ideaProject\asule0810)
16:49:27.810 [restartedMain] INFO  c.z.AsuleController - [logStartupProfileInfo,655] - The following profiles are active: dev
16:49:29.648 [restartedMain] INFO  o.a.c.h.Http11NioProtocol - [log,173] - Initializing ProtocolHandler ["http-nio-8080"]
16:49:29.649 [restartedMain] INFO  o.a.c.c.StandardService - [log,173] - Starting service [Tomcat]
16:49:29.649 [restartedMain] INFO  o.a.c.c.StandardEngine - [log,173] - Starting Servlet engine: [Apache Tomcat/9.0.36]
16:49:29.776 [restartedMain] INFO  o.a.c.c.C.[.[.[/] - [log,173] - Initializing Spring embedded WebApplicationContext
16:49:30.399 [restartedMain] INFO  c.a.d.s.b.a.DruidDataSourceAutoConfigure - [dataSource,56] - Init DruidDataSource
16:49:30.648 [restartedMain] INFO  c.a.d.p.DruidDataSource - [init,1003] - {dataSource-1} inited
16:49:32.008 [restartedMain] INFO  o.a.c.h.Http11NioProtocol - [log,173] - Starting ProtocolHandler ["http-nio-8080"]
16:49:32.059 [restartedMain] INFO  c.z.AsuleController - [logStarted,61] - Started AsuleController in 4.863 seconds (JVM running for 6.506)
16:49:36.466 [http-nio-8080-exec-1] INFO  o.a.c.c.C.[.[.[/] - [log,173] - Initializing Spring DispatcherServlet 'dispatcherServlet'
16:52:30.521 [restartedMain] INFO  c.z.AsuleController - [logStarting,55] - Starting AsuleController on JLQNXWUW2GTD0WI with PID 9068 (E:\ideaProject\asule0810\ausle-admin\target\classes started by Administrator in E:\ideaProject\asule0810)
16:52:30.534 [restartedMain] INFO  c.z.AsuleController - [logStartupProfileInfo,655] - The following profiles are active: dev
16:52:33.664 [restartedMain] INFO  o.a.c.h.Http11NioProtocol - [log,173] - Initializing ProtocolHandler ["http-nio-8080"]
16:52:33.666 [restartedMain] INFO  o.a.c.c.StandardService - [log,173] - Starting service [Tomcat]
16:52:33.666 [restartedMain] INFO  o.a.c.c.StandardEngine - [log,173] - Starting Servlet engine: [Apache Tomcat/9.0.36]
16:52:33.787 [restartedMain] INFO  o.a.c.c.C.[.[.[/] - [log,173] - Initializing Spring embedded WebApplicationContext
16:52:34.496 [restartedMain] INFO  c.a.d.s.b.a.DruidDataSourceAutoConfigure - [dataSource,56] - Init DruidDataSource
16:52:34.962 [restartedMain] INFO  c.a.d.p.DruidDataSource - [init,1003] - {dataSource-1} inited
16:52:36.546 [restartedMain] INFO  o.a.c.h.Http11NioProtocol - [log,173] - Starting ProtocolHandler ["http-nio-8080"]
16:52:36.630 [restartedMain] INFO  c.z.AsuleController - [logStarted,61] - Started AsuleController in 7.25 seconds (JVM running for 9.636)
16:52:42.508 [http-nio-8080-exec-1] INFO  o.a.c.c.C.[.[.[/] - [log,173] - Initializing Spring DispatcherServlet 'dispatcherServlet'
17:00:12.263 [restartedMain] INFO  c.z.AsuleController - [logStarting,55] - Starting AsuleController on JLQNXWUW2GTD0WI with PID 10956 (E:\ideaProject\asule0810\ausle-admin\target\classes started by Administrator in E:\ideaProject\asule0810)
17:00:12.285 [restartedMain] INFO  c.z.AsuleController - [logStartupProfileInfo,655] - The following profiles are active: dev
17:00:19.174 [restartedMain] INFO  o.a.c.h.Http11NioProtocol - [log,173] - Initializing ProtocolHandler ["http-nio-8080"]
17:00:19.194 [restartedMain] INFO  o.a.c.c.StandardService - [log,173] - Starting service [Tomcat]
17:00:19.195 [restartedMain] INFO  o.a.c.c.StandardEngine - [log,173] - Starting Servlet engine: [Apache Tomcat/9.0.36]
17:00:19.979 [restartedMain] INFO  o.a.c.c.C.[.[.[/] - [log,173] - Initializing Spring embedded WebApplicationContext
17:00:21.131 [restartedMain] INFO  c.a.d.s.b.a.DruidDataSourceAutoConfigure - [dataSource,56] - Init DruidDataSource
17:00:21.692 [restartedMain] INFO  c.a.d.p.DruidDataSource - [init,1003] - {dataSource-1} inited
17:00:25.609 [restartedMain] INFO  o.a.c.h.Http11NioProtocol - [log,173] - Starting ProtocolHandler ["http-nio-8080"]
17:00:26.324 [restartedMain] INFO  c.z.AsuleController - [logStarted,61] - Started AsuleController in 15.661 seconds (JVM running for 18.487)
17:00:30.360 [http-nio-8080-exec-1] INFO  o.a.c.c.C.[.[.[/] - [log,173] - Initializing Spring DispatcherServlet 'dispatcherServlet'
17:08:29.139 [restartedMain] INFO  c.z.AsuleController - [logStarting,55] - Starting AsuleController on JLQNXWUW2GTD0WI with PID 12468 (E:\ideaProject\asule0810\ausle-admin\target\classes started by Administrator in E:\ideaProject\asule0810)
17:08:29.179 [restartedMain] INFO  c.z.AsuleController - [logStartupProfileInfo,655] - The following profiles are active: dev
17:08:32.187 [restartedMain] INFO  o.a.c.h.Http11NioProtocol - [log,173] - Initializing ProtocolHandler ["http-nio-8080"]
17:08:32.188 [restartedMain] INFO  o.a.c.c.StandardService - [log,173] - Starting service [Tomcat]
17:08:32.188 [restartedMain] INFO  o.a.c.c.StandardEngine - [log,173] - Starting Servlet engine: [Apache Tomcat/9.0.36]
17:08:32.398 [restartedMain] INFO  o.a.c.c.C.[.[.[/] - [log,173] - Initializing Spring embedded WebApplicationContext
17:08:33.273 [restartedMain] INFO  c.a.d.s.b.a.DruidDataSourceAutoConfigure - [dataSource,56] - Init DruidDataSource
17:08:33.898 [restartedMain] INFO  c.a.d.p.DruidDataSource - [init,1003] - {dataSource-1} inited
17:08:35.820 [restartedMain] INFO  o.a.c.h.Http11NioProtocol - [log,173] - Starting ProtocolHandler ["http-nio-8080"]
17:08:35.931 [restartedMain] INFO  c.z.AsuleController - [logStarted,61] - Started AsuleController in 7.924 seconds (JVM running for 10.258)
17:08:41.126 [http-nio-8080-exec-1] INFO  o.a.c.c.C.[.[.[/] - [log,173] - Initializing Spring DispatcherServlet 'dispatcherServlet'
17:21:44.734 [restartedMain] INFO  c.z.AsuleController - [logStarting,55] - Starting AsuleController on JLQNXWUW2GTD0WI with PID 6828 (E:\ideaProject\asule0810\ausle-admin\target\classes started by Administrator in E:\ideaProject\asule0810)
17:21:44.749 [restartedMain] INFO  c.z.AsuleController - [logStartupProfileInfo,655] - The following profiles are active: dev
17:21:47.005 [restartedMain] INFO  o.a.c.h.Http11NioProtocol - [log,173] - Initializing ProtocolHandler ["http-nio-8080"]
17:21:47.006 [restartedMain] INFO  o.a.c.c.StandardService - [log,173] - Starting service [Tomcat]
17:21:47.006 [restartedMain] INFO  o.a.c.c.StandardEngine - [log,173] - Starting Servlet engine: [Apache Tomcat/9.0.36]
17:21:47.144 [restartedMain] INFO  o.a.c.c.C.[.[.[/] - [log,173] - Initializing Spring embedded WebApplicationContext
17:21:47.908 [restartedMain] INFO  c.a.d.s.b.a.DruidDataSourceAutoConfigure - [dataSource,56] - Init DruidDataSource
17:21:48.301 [restartedMain] INFO  c.a.d.p.DruidDataSource - [init,1003] - {dataSource-1} inited
17:21:50.334 [restartedMain] INFO  o.a.c.h.Http11NioProtocol - [log,173] - Starting ProtocolHandler ["http-nio-8080"]
17:21:50.988 [restartedMain] INFO  c.z.AsuleController - [logStarted,61] - Started AsuleController in 7.077 seconds (JVM running for 9.335)
17:22:24.287 [http-nio-8080-exec-1] INFO  o.a.c.c.C.[.[.[/] - [log,173] - Initializing Spring DispatcherServlet 'dispatcherServlet'
17:23:11.270 [restartedMain] INFO  c.z.AsuleController - [logStarting,55] - Starting AsuleController on JLQNXWUW2GTD0WI with PID 13748 (E:\ideaProject\asule0810\ausle-admin\target\classes started by Administrator in E:\ideaProject\asule0810)
17:23:11.275 [restartedMain] INFO  c.z.AsuleController - [logStartupProfileInfo,655] - The following profiles are active: dev
17:23:13.346 [restartedMain] INFO  o.a.c.h.Http11NioProtocol - [log,173] - Initializing ProtocolHandler ["http-nio-8080"]
17:23:13.346 [restartedMain] INFO  o.a.c.c.StandardService - [log,173] - Starting service [Tomcat]
17:23:13.347 [restartedMain] INFO  o.a.c.c.StandardEngine - [log,173] - Starting Servlet engine: [Apache Tomcat/9.0.36]
17:23:13.470 [restartedMain] INFO  o.a.c.c.C.[.[.[/] - [log,173] - Initializing Spring embedded WebApplicationContext
17:23:14.145 [restartedMain] INFO  c.a.d.s.b.a.DruidDataSourceAutoConfigure - [dataSource,56] - Init DruidDataSource
17:23:14.411 [restartedMain] INFO  c.a.d.p.DruidDataSource - [init,1003] - {dataSource-1} inited
17:23:15.908 [restartedMain] INFO  o.a.c.h.Http11NioProtocol - [log,173] - Starting ProtocolHandler ["http-nio-8080"]
17:23:16.006 [restartedMain] INFO  c.z.AsuleController - [logStarted,61] - Started AsuleController in 5.338 seconds (JVM running for 8.507)
17:23:22.037 [http-nio-8080-exec-1] INFO  o.a.c.c.C.[.[.[/] - [log,173] - Initializing Spring DispatcherServlet 'dispatcherServlet'
17:24:12.576 [restartedMain] INFO  c.z.AsuleController - [logStarting,55] - Starting AsuleController on JLQNXWUW2GTD0WI with PID 12956 (E:\ideaProject\asule0810\ausle-admin\target\classes started by Administrator in E:\ideaProject\asule0810)
17:24:12.588 [restartedMain] INFO  c.z.AsuleController - [logStartupProfileInfo,655] - The following profiles are active: dev
17:24:14.869 [restartedMain] INFO  o.a.c.h.Http11NioProtocol - [log,173] - Initializing ProtocolHandler ["http-nio-8080"]
17:24:14.870 [restartedMain] INFO  o.a.c.c.StandardService - [log,173] - Starting service [Tomcat]
17:24:14.870 [restartedMain] INFO  o.a.c.c.StandardEngine - [log,173] - Starting Servlet engine: [Apache Tomcat/9.0.36]
17:24:14.992 [restartedMain] INFO  o.a.c.c.C.[.[.[/] - [log,173] - Initializing Spring embedded WebApplicationContext
17:24:15.574 [restartedMain] INFO  c.a.d.s.b.a.DruidDataSourceAutoConfigure - [dataSource,56] - Init DruidDataSource
17:24:15.899 [restartedMain] INFO  c.a.d.p.DruidDataSource - [init,1003] - {dataSource-1} inited
17:24:17.284 [restartedMain] INFO  o.a.c.h.Http11NioProtocol - [log,173] - Starting ProtocolHandler ["http-nio-8080"]
17:24:17.330 [restartedMain] INFO  c.z.AsuleController - [logStarted,61] - Started AsuleController in 5.394 seconds (JVM running for 7.87)
17:24:22.267 [http-nio-8080-exec-1] INFO  o.a.c.c.C.[.[.[/] - [log,173] - Initializing Spring DispatcherServlet 'dispatcherServlet'
17:27:58.428 [restartedMain] INFO  c.z.AsuleController - [logStarting,55] - Starting AsuleController on JLQNXWUW2GTD0WI with PID 11748 (E:\ideaProject\asule0810\ausle-admin\target\classes started by Administrator in E:\ideaProject\asule0810)
17:27:58.445 [restartedMain] INFO  c.z.AsuleController - [logStartupProfileInfo,655] - The following profiles are active: dev
17:28:00.665 [restartedMain] INFO  o.a.c.h.Http11NioProtocol - [log,173] - Initializing ProtocolHandler ["http-nio-8080"]
17:28:00.666 [restartedMain] INFO  o.a.c.c.StandardService - [log,173] - Starting service [Tomcat]
17:28:00.666 [restartedMain] INFO  o.a.c.c.StandardEngine - [log,173] - Starting Servlet engine: [Apache Tomcat/9.0.36]
17:28:00.779 [restartedMain] INFO  o.a.c.c.C.[.[.[/] - [log,173] - Initializing Spring embedded WebApplicationContext
17:28:01.436 [restartedMain] INFO  c.a.d.s.b.a.DruidDataSourceAutoConfigure - [dataSource,56] - Init DruidDataSource
17:28:01.714 [restartedMain] INFO  c.a.d.p.DruidDataSource - [init,1003] - {dataSource-1} inited
17:28:03.281 [restartedMain] INFO  o.a.c.h.Http11NioProtocol - [log,173] - Starting ProtocolHandler ["http-nio-8080"]
17:28:03.389 [restartedMain] INFO  c.z.AsuleController - [logStarted,61] - Started AsuleController in 5.506 seconds (JVM running for 8.131)
17:28:13.912 [http-nio-8080-exec-1] INFO  o.a.c.c.C.[.[.[/] - [log,173] - Initializing Spring DispatcherServlet 'dispatcherServlet'
17:29:47.662 [restartedMain] INFO  c.z.AsuleController - [logStarting,55] - Starting AsuleController on JLQNXWUW2GTD0WI with PID 12796 (E:\ideaProject\asule0810\ausle-admin\target\classes started by Administrator in E:\ideaProject\asule0810)
17:29:47.668 [restartedMain] INFO  c.z.AsuleController - [logStartupProfileInfo,655] - The following profiles are active: dev
17:29:49.737 [restartedMain] INFO  o.a.c.h.Http11NioProtocol - [log,173] - Initializing ProtocolHandler ["http-nio-8080"]
17:29:49.738 [restartedMain] INFO  o.a.c.c.StandardService - [log,173] - Starting service [Tomcat]
17:29:49.738 [restartedMain] INFO  o.a.c.c.StandardEngine - [log,173] - Starting Servlet engine: [Apache Tomcat/9.0.36]
17:29:49.867 [restartedMain] INFO  o.a.c.c.C.[.[.[/] - [log,173] - Initializing Spring embedded WebApplicationContext
17:29:50.444 [restartedMain] INFO  c.a.d.s.b.a.DruidDataSourceAutoConfigure - [dataSource,56] - Init DruidDataSource
17:29:50.692 [restartedMain] INFO  c.a.d.p.DruidDataSource - [init,1003] - {dataSource-1} inited
17:29:51.988 [restartedMain] INFO  o.a.c.h.Http11NioProtocol - [log,173] - Starting ProtocolHandler ["http-nio-8080"]
17:29:52.034 [restartedMain] INFO  c.z.AsuleController - [logStarted,61] - Started AsuleController in 5.083 seconds (JVM running for 7.172)
17:29:54.593 [http-nio-8080-exec-1] INFO  o.a.c.c.C.[.[.[/] - [log,173] - Initializing Spring DispatcherServlet 'dispatcherServlet'
17:32:41.726 [restartedMain] INFO  c.z.AsuleController - [logStarting,55] - Starting AsuleController on JLQNXWUW2GTD0WI with PID 8700 (E:\ideaProject\asule0810\ausle-admin\target\classes started by Administrator in E:\ideaProject\asule0810)
17:32:41.733 [restartedMain] INFO  c.z.AsuleController - [logStartupProfileInfo,655] - The following profiles are active: dev
17:32:46.230 [restartedMain] INFO  o.a.c.h.Http11NioProtocol - [log,173] - Initializing ProtocolHandler ["http-nio-8080"]
17:32:46.231 [restartedMain] INFO  o.a.c.c.StandardService - [log,173] - Starting service [Tomcat]
17:32:46.231 [restartedMain] INFO  o.a.c.c.StandardEngine - [log,173] - Starting Servlet engine: [Apache Tomcat/9.0.36]
17:32:46.428 [restartedMain] INFO  o.a.c.c.C.[.[.[/] - [log,173] - Initializing Spring embedded WebApplicationContext
17:32:47.906 [restartedMain] INFO  c.a.d.s.b.a.DruidDataSourceAutoConfigure - [dataSource,56] - Init DruidDataSource
17:32:48.400 [restartedMain] INFO  c.a.d.p.DruidDataSource - [init,1003] - {dataSource-1} inited
17:32:50.993 [restartedMain] INFO  sys-user - [shutdownAsyncManager,32] - ====关闭后台任务任务线程池====
17:32:51.109 [restartedMain] INFO  c.a.d.p.DruidDataSource - [close,1948] - {dataSource-1} closing ...
17:32:51.178 [restartedMain] INFO  c.a.d.p.DruidDataSource - [close,2020] - {dataSource-1} closed
17:32:51.401 [restartedMain] INFO  o.a.c.c.StandardService - [log,173] - Stopping service [Tomcat]
17:33:54.463 [restartedMain] INFO  c.z.AsuleController - [logStarting,55] - Starting AsuleController on JLQNXWUW2GTD0WI with PID 9232 (E:\ideaProject\asule0810\ausle-admin\target\classes started by Administrator in E:\ideaProject\asule0810)
17:33:54.485 [restartedMain] INFO  c.z.AsuleController - [logStartupProfileInfo,655] - The following profiles are active: dev
17:33:57.920 [restartedMain] INFO  o.a.c.h.Http11NioProtocol - [log,173] - Initializing ProtocolHandler ["http-nio-8080"]
17:33:57.926 [restartedMain] INFO  o.a.c.c.StandardService - [log,173] - Starting service [Tomcat]
17:33:57.926 [restartedMain] INFO  o.a.c.c.StandardEngine - [log,173] - Starting Servlet engine: [Apache Tomcat/9.0.36]
17:33:58.176 [restartedMain] INFO  o.a.c.c.C.[.[.[/] - [log,173] - Initializing Spring embedded WebApplicationContext
17:33:59.909 [restartedMain] INFO  c.a.d.s.b.a.DruidDataSourceAutoConfigure - [dataSource,56] - Init DruidDataSource
17:34:00.452 [restartedMain] INFO  c.a.d.p.DruidDataSource - [init,1003] - {dataSource-1} inited
17:34:04.242 [restartedMain] INFO  o.a.c.h.Http11NioProtocol - [log,173] - Starting ProtocolHandler ["http-nio-8080"]
17:34:04.378 [restartedMain] INFO  c.z.AsuleController - [logStarted,61] - Started AsuleController in 10.866 seconds (JVM running for 13.095)
17:34:09.211 [http-nio-8080-exec-1] INFO  o.a.c.c.C.[.[.[/] - [log,173] - Initializing Spring DispatcherServlet 'dispatcherServlet'
17:35:23.365 [restartedMain] INFO  c.z.AsuleController - [logStarting,55] - Starting AsuleController on JLQNXWUW2GTD0WI with PID 12168 (E:\ideaProject\asule0810\ausle-admin\target\classes started by Administrator in E:\ideaProject\asule0810)
17:35:23.379 [restartedMain] INFO  c.z.AsuleController - [logStartupProfileInfo,655] - The following profiles are active: dev
17:35:25.520 [restartedMain] INFO  o.a.c.h.Http11NioProtocol - [log,173] - Initializing ProtocolHandler ["http-nio-8080"]
17:35:25.522 [restartedMain] INFO  o.a.c.c.StandardService - [log,173] - Starting service [Tomcat]
17:35:25.522 [restartedMain] INFO  o.a.c.c.StandardEngine - [log,173] - Starting Servlet engine: [Apache Tomcat/9.0.36]
17:35:25.721 [restartedMain] INFO  o.a.c.c.C.[.[.[/] - [log,173] - Initializing Spring embedded WebApplicationContext
17:35:26.458 [restartedMain] INFO  c.a.d.s.b.a.DruidDataSourceAutoConfigure - [dataSource,56] - Init DruidDataSource
17:35:26.814 [restartedMain] INFO  c.a.d.p.DruidDataSource - [init,1003] - {dataSource-1} inited
17:35:28.737 [restartedMain] INFO  o.a.c.h.Http11NioProtocol - [log,173] - Starting ProtocolHandler ["http-nio-8080"]
17:35:28.868 [restartedMain] INFO  c.z.AsuleController - [logStarted,61] - Started AsuleController in 6.029 seconds (JVM running for 8.487)
17:35:38.043 [http-nio-8080-exec-1] INFO  o.a.c.c.C.[.[.[/] - [log,173] - Initializing Spring DispatcherServlet 'dispatcherServlet'
17:36:24.012 [restartedMain] INFO  c.z.AsuleController - [logStarting,55] - Starting AsuleController on JLQNXWUW2GTD0WI with PID 9820 (E:\ideaProject\asule0810\ausle-admin\target\classes started by Administrator in E:\ideaProject\asule0810)
17:36:24.028 [restartedMain] INFO  c.z.AsuleController - [logStartupProfileInfo,655] - The following profiles are active: dev
17:36:26.779 [restartedMain] INFO  o.a.c.h.Http11NioProtocol - [log,173] - Initializing ProtocolHandler ["http-nio-8080"]
17:36:26.780 [restartedMain] INFO  o.a.c.c.StandardService - [log,173] - Starting service [Tomcat]
17:36:26.780 [restartedMain] INFO  o.a.c.c.StandardEngine - [log,173] - Starting Servlet engine: [Apache Tomcat/9.0.36]
17:36:26.889 [restartedMain] INFO  o.a.c.c.C.[.[.[/] - [log,173] - Initializing Spring embedded WebApplicationContext
17:36:27.477 [restartedMain] INFO  c.a.d.s.b.a.DruidDataSourceAutoConfigure - [dataSource,56] - Init DruidDataSource
17:36:27.797 [restartedMain] INFO  c.a.d.p.DruidDataSource - [init,1003] - {dataSource-1} inited
17:36:29.016 [restartedMain] INFO  o.a.c.h.Http11NioProtocol - [log,173] - Starting ProtocolHandler ["http-nio-8080"]
17:36:29.060 [restartedMain] INFO  c.z.AsuleController - [logStarted,61] - Started AsuleController in 6.069 seconds (JVM running for 7.799)
17:36:42.611 [http-nio-8080-exec-1] INFO  o.a.c.c.C.[.[.[/] - [log,173] - Initializing Spring DispatcherServlet 'dispatcherServlet'
17:39:07.628 [restartedMain] INFO  c.z.AsuleController - [logStarting,55] - Starting AsuleController on JLQNXWUW2GTD0WI with PID 13588 (E:\ideaProject\asule0810\ausle-admin\target\classes started by Administrator in E:\ideaProject\asule0810)
17:39:07.641 [restartedMain] INFO  c.z.AsuleController - [logStartupProfileInfo,655] - The following profiles are active: dev
17:39:09.730 [restartedMain] INFO  o.a.c.h.Http11NioProtocol - [log,173] - Initializing ProtocolHandler ["http-nio-8080"]
17:39:09.730 [restartedMain] INFO  o.a.c.c.StandardService - [log,173] - Starting service [Tomcat]
17:39:09.730 [restartedMain] INFO  o.a.c.c.StandardEngine - [log,173] - Starting Servlet engine: [Apache Tomcat/9.0.36]
17:39:09.847 [restartedMain] INFO  o.a.c.c.C.[.[.[/] - [log,173] - Initializing Spring embedded WebApplicationContext
17:39:10.443 [restartedMain] INFO  c.a.d.s.b.a.DruidDataSourceAutoConfigure - [dataSource,56] - Init DruidDataSource
17:39:10.728 [restartedMain] INFO  c.a.d.p.DruidDataSource - [init,1003] - {dataSource-1} inited
17:39:12.166 [restartedMain] INFO  o.a.c.h.Http11NioProtocol - [log,173] - Starting ProtocolHandler ["http-nio-8080"]
17:39:12.212 [restartedMain] INFO  c.z.AsuleController - [logStarted,61] - Started AsuleController in 5.331 seconds (JVM running for 7.725)
17:39:16.641 [http-nio-8080-exec-1] INFO  o.a.c.c.C.[.[.[/] - [log,173] - Initializing Spring DispatcherServlet 'dispatcherServlet'
17:41:30.567 [restartedMain] INFO  c.z.AsuleController - [logStarting,55] - Starting AsuleController on JLQNXWUW2GTD0WI with PID 8600 (E:\ideaProject\asule0810\ausle-admin\target\classes started by Administrator in E:\ideaProject\asule0810)
17:41:30.577 [restartedMain] INFO  c.z.AsuleController - [logStartupProfileInfo,655] - The following profiles are active: dev
17:41:33.492 [restartedMain] INFO  o.a.c.h.Http11NioProtocol - [log,173] - Initializing ProtocolHandler ["http-nio-8080"]
17:41:33.493 [restartedMain] INFO  o.a.c.c.StandardService - [log,173] - Starting service [Tomcat]
17:41:33.493 [restartedMain] INFO  o.a.c.c.StandardEngine - [log,173] - Starting Servlet engine: [Apache Tomcat/9.0.36]
17:41:33.923 [restartedMain] INFO  o.a.c.c.C.[.[.[/] - [log,173] - Initializing Spring embedded WebApplicationContext
17:41:36.050 [restartedMain] INFO  c.a.d.s.b.a.DruidDataSourceAutoConfigure - [dataSource,56] - Init DruidDataSource
17:41:36.438 [restartedMain] INFO  c.a.d.p.DruidDataSource - [init,1003] - {dataSource-1} inited
17:41:38.803 [restartedMain] INFO  o.a.c.h.Http11NioProtocol - [log,173] - Starting ProtocolHandler ["http-nio-8080"]
17:41:38.919 [restartedMain] INFO  c.z.AsuleController - [logStarted,61] - Started AsuleController in 8.948 seconds (JVM running for 11.201)
17:41:47.478 [http-nio-8080-exec-1] INFO  o.a.c.c.C.[.[.[/] - [log,173] - Initializing Spring DispatcherServlet 'dispatcherServlet'
17:43:07.334 [restartedMain] INFO  c.z.AsuleController - [logStarting,55] - Starting AsuleController on JLQNXWUW2GTD0WI with PID 10152 (E:\ideaProject\asule0810\ausle-admin\target\classes started by Administrator in E:\ideaProject\asule0810)
17:43:07.348 [restartedMain] INFO  c.z.AsuleController - [logStartupProfileInfo,655] - The following profiles are active: dev
17:43:09.477 [restartedMain] INFO  o.a.c.h.Http11NioProtocol - [log,173] - Initializing ProtocolHandler ["http-nio-8080"]
17:43:09.477 [restartedMain] INFO  o.a.c.c.StandardService - [log,173] - Starting service [Tomcat]
17:43:09.477 [restartedMain] INFO  o.a.c.c.StandardEngine - [log,173] - Starting Servlet engine: [Apache Tomcat/9.0.36]
17:43:09.595 [restartedMain] INFO  o.a.c.c.C.[.[.[/] - [log,173] - Initializing Spring embedded WebApplicationContext
17:43:10.239 [restartedMain] INFO  c.a.d.s.b.a.DruidDataSourceAutoConfigure - [dataSource,56] - Init DruidDataSource
17:43:10.526 [restartedMain] INFO  c.a.d.p.DruidDataSource - [init,1003] - {dataSource-1} inited
17:43:11.877 [restartedMain] INFO  o.a.c.h.Http11NioProtocol - [log,173] - Starting ProtocolHandler ["http-nio-8080"]
17:43:11.928 [restartedMain] INFO  c.z.AsuleController - [logStarted,61] - Started AsuleController in 5.283 seconds (JVM running for 7.733)
17:44:00.978 [http-nio-8080-exec-1] INFO  o.a.c.c.C.[.[.[/] - [log,173] - Initializing Spring DispatcherServlet 'dispatcherServlet'
